TN:
SF:src\middleware.ts
FN:6,constantTimeEqual
FN:15,middleware
FNF:2
FNH:0
FNDA:0,constantTimeEqual
FNDA:0,middleware
DA:3,0
DA:7,0
DA:8,0
DA:9,0
DA:10,0
DA:12,0
DA:16,0
DA:19,0
DA:20,0
DA:21,0
DA:22,0
DA:23,0
DA:24,0
DA:25,0
DA:26,0
DA:29,0
DA:35,0
DA:36,0
DA:37,0
DA:39,0
DA:40,0
DA:44,0
DA:47,0
LF:23
LH:0
BRDA:7,0,0,0
BRDA:7,0,1,0
BRDA:19,1,0,0
BRDA:19,1,1,0
BRDA:19,2,0,0
BRDA:19,2,1,0
BRDA:22,3,0,0
BRDA:22,3,1,0
BRDA:22,4,0,0
BRDA:22,4,1,0
BRDA:25,5,0,0
BRDA:25,5,1,0
BRDA:35,6,0,0
BRDA:35,6,1,0
BRDA:35,7,0,0
BRDA:35,7,1,0
BRDA:36,8,0,0
BRDA:36,8,1,0
BRDA:39,9,0,0
BRDA:39,9,1,0
BRDA:39,10,0,0
BRDA:39,10,1,0
BRF:22
BRH:0
end_of_record
TN:
SF:src\app\api\account\route.ts
FN:6,GET
FN:21,PUT
FNF:2
FNH:0
FNDA:0,GET
FNDA:0,PUT
DA:7,0
DA:8,0
DA:10,0
DA:11,0
DA:18,0
DA:22,0
DA:23,0
DA:25,0
DA:26,0
DA:27,0
DA:29,0
DA:30,0
DA:32,0
DA:33,0
DA:34,0
DA:35,0
DA:36,0
DA:37,0
DA:40,0
DA:41,0
DA:42,0
DA:44,0
DA:45,0
DA:46,0
DA:48,0
DA:49,0
DA:51,0
DA:56,0
DA:57,0
DA:59,0
DA:62,0
DA:67,0
DA:69,0
DA:71,0
LF:34
LH:0
BRDA:8,0,0,0
BRDA:8,0,1,0
BRDA:18,1,0,0
BRDA:18,1,1,0
BRDA:23,2,0,0
BRDA:23,2,1,0
BRDA:32,3,0,0
BRDA:32,3,1,0
BRDA:33,4,0,0
BRDA:33,4,1,0
BRDA:34,5,0,0
BRDA:34,5,1,0
BRDA:34,6,0,0
BRDA:34,6,1,0
BRDA:35,7,0,0
BRDA:35,7,1,0
BRDA:35,8,0,0
BRDA:35,8,1,0
BRDA:36,9,0,0
BRDA:36,9,1,0
BRDA:36,10,0,0
BRDA:36,10,1,0
BRDA:37,11,0,0
BRDA:37,11,1,0
BRDA:40,12,0,0
BRDA:40,12,1,0
BRDA:41,13,0,0
BRDA:41,13,1,0
BRDA:45,14,0,0
BRDA:45,14,1,0
BRDA:48,15,0,0
BRDA:48,15,1,0
BRDA:48,16,0,0
BRDA:48,16,1,0
BRDA:56,17,0,0
BRDA:56,17,1,0
BRDA:56,18,0,0
BRDA:56,18,1,0
BRDA:67,19,0,0
BRDA:67,19,1,0
BRF:40
BRH:0
end_of_record
TN:
SF:src\app\api\admin\analytics\route.ts
FN:5,verifyPin
FN:13,GET
FN:72,(anonymous_2)
FN:73,(anonymous_3)
FN:74,(anonymous_4)
FN:76,(anonymous_5)
FN:77,(anonymous_6)
FN:81,(anonymous_7)
FN:85,(anonymous_8)
FN:92,(anonymous_9)
FN:102,(anonymous_10)
FN:110,(anonymous_11)
FN:115,(anonymous_12)
FN:119,(anonymous_13)
FN:129,(anonymous_14)
FN:142,(anonymous_15)
FN:148,(anonymous_16)
FN:151,(anonymous_17)
FN:167,(anonymous_18)
FN:169,(anonymous_19)
FN:175,(anonymous_20)
FN:178,(anonymous_21)
FN:179,(anonymous_22)
FN:180,(anonymous_23)
FN:181,(anonymous_24)
FN:182,(anonymous_25)
FN:183,(anonymous_26)
FN:184,(anonymous_27)
FN:187,(anonymous_28)
FN:189,(anonymous_29)
FN:191,(anonymous_30)
FN:193,(anonymous_31)
FNF:32
FNH:0
FNDA:0,verifyPin
FNDA:0,GET
FNDA:0,(anonymous_2)
FNDA:0,(anonymous_3)
FNDA:0,(anonymous_4)
FNDA:0,(anonymous_5)
FNDA:0,(anonymous_6)
FNDA:0,(anonymous_7)
FNDA:0,(anonymous_8)
FNDA:0,(anonymous_9)
FNDA:0,(anonymous_10)
FNDA:0,(anonymous_11)
FNDA:0,(anonymous_12)
FNDA:0,(anonymous_13)
FNDA:0,(anonymous_14)
FNDA:0,(anonymous_15)
FNDA:0,(anonymous_16)
FNDA:0,(anonymous_17)
FNDA:0,(anonymous_18)
FNDA:0,(anonymous_19)
FNDA:0,(anonymous_20)
FNDA:0,(anonymous_21)
FNDA:0,(anonymous_22)
FNDA:0,(anonymous_23)
FNDA:0,(anonymous_24)
FNDA:0,(anonymous_25)
FNDA:0,(anonymous_26)
FNDA:0,(anonymous_27)
FNDA:0,(anonymous_28)
FNDA:0,(anonymous_29)
FNDA:0,(anonymous_30)
FNDA:0,(anonymous_31)
DA:6,0
DA:7,0
DA:8,0
DA:9,0
DA:10,0
DA:14,0
DA:15,0
DA:16,0
DA:19,0
DA:20,0
DA:21,0
DA:22,0
DA:23,0
DA:34,0
DA:63,0
DA:64,0
DA:65,0
DA:66,0
DA:67,0
DA:68,0
DA:69,0
DA:72,0
DA:73,0
DA:74,0
DA:76,0
DA:77,0
DA:80,0
DA:81,0
DA:84,0
DA:85,0
DA:86,0
DA:87,0
DA:91,0
DA:92,0
DA:93,0
DA:94,0
DA:95,0
DA:96,0
DA:100,0
DA:101,0
DA:102,0
DA:103,0
DA:104,0
DA:105,0
DA:109,0
DA:110,0
DA:111,0
DA:115,0
DA:118,0
DA:119,0
DA:120,0
DA:121,0
DA:122,0
DA:123,0
DA:128,0
DA:129,0
DA:130,0
DA:131,0
DA:132,0
DA:133,0
DA:134,0
DA:135,0
DA:136,0
DA:141,0
DA:142,0
DA:143,0
DA:147,0
DA:148,0
DA:151,0
DA:153,0
DA:167,0
DA:169,0
DA:175,0
DA:178,0
DA:179,0
DA:180,0
DA:181,0
DA:182,0
DA:183,0
DA:184,0
DA:187,0
DA:189,0
DA:191,0
DA:193,0
LF:84
LH:0
BRDA:7,0,0,0
BRDA:7,0,1,0
BRDA:10,1,0,0
BRDA:10,1,1,0
BRDA:14,2,0,0
BRDA:14,2,1,0
BRDA:15,3,0,0
BRDA:15,3,1,0
BRDA:21,4,0,0
BRDA:21,4,1,0
BRDA:22,5,0,0
BRDA:22,5,1,0
BRDA:63,6,0,0
BRDA:63,6,1,0
BRDA:64,7,0,0
BRDA:64,7,1,0
BRDA:65,8,0,0
BRDA:65,8,1,0
BRDA:66,9,0,0
BRDA:66,9,1,0
BRDA:67,10,0,0
BRDA:67,10,1,0
BRDA:68,11,0,0
BRDA:68,11,1,0
BRDA:69,12,0,0
BRDA:69,12,1,0
BRDA:72,13,0,0
BRDA:72,13,1,0
BRDA:73,14,0,0
BRDA:73,14,1,0
BRDA:74,15,0,0
BRDA:74,15,1,0
BRDA:74,15,2,0
BRDA:81,16,0,0
BRDA:81,16,1,0
BRDA:86,17,0,0
BRDA:86,17,1,0
BRDA:87,18,0,0
BRDA:87,18,1,0
BRDA:93,19,0,0
BRDA:93,19,1,0
BRDA:94,20,0,0
BRDA:94,20,1,0
BRDA:96,21,0,0
BRDA:96,21,1,0
BRDA:103,22,0,0
BRDA:103,22,1,0
BRDA:104,23,0,0
BRDA:104,23,1,0
BRDA:105,24,0,0
BRDA:105,24,1,0
BRDA:105,25,0,0
BRDA:105,25,1,0
BRDA:111,26,0,0
BRDA:111,26,1,0
BRDA:120,27,0,0
BRDA:120,27,1,0
BRDA:121,28,0,0
BRDA:121,28,1,0
BRDA:123,29,0,0
BRDA:123,29,1,0
BRDA:131,30,0,0
BRDA:131,30,1,0
BRDA:132,31,0,0
BRDA:132,31,1,0
BRDA:134,32,0,0
BRDA:134,32,1,0
BRDA:134,32,2,0
BRDA:136,33,0,0
BRDA:136,33,1,0
BRDA:136,34,0,0
BRDA:136,34,1,0
BRDA:143,35,0,0
BRDA:143,35,1,0
BRDA:148,36,0,0
BRDA:148,36,1,0
BRDA:164,37,0,0
BRDA:164,37,1,0
BRDA:165,38,0,0
BRDA:165,38,1,0
BRDA:167,39,0,0
BRDA:167,39,1,0
BRDA:173,40,0,0
BRDA:173,40,1,0
BRDA:175,41,0,0
BRDA:175,41,1,0
BRDA:189,42,0,0
BRDA:189,42,1,0
BRDA:193,43,0,0
BRDA:193,43,1,0
BRF:90
BRH:0
end_of_record
TN:
SF:src\app\api\admin\contacts\route.ts
FN:20,verifyPin
FN:33,GET
FN:143,(anonymous_2)
FNF:3
FNH:0
FNDA:0,verifyPin
FNDA:0,GET
FNDA:0,(anonymous_2)
DA:21,0
DA:22,0
DA:23,0
DA:24,0
DA:25,0
DA:34,0
DA:35,0
DA:36,0
DA:39,0
DA:40,0
DA:41,0
DA:42,0
DA:45,0
DA:51,0
DA:52,0
DA:53,0
DA:54,0
DA:57,0
DA:58,0
DA:59,0
DA:61,0
DA:62,0
DA:63,0
DA:65,0
DA:66,0
DA:67,0
DA:70,0
DA:87,0
DA:93,0
DA:94,0
DA:95,0
DA:96,0
DA:98,0
DA:115,0
DA:121,0
DA:122,0
DA:123,0
DA:124,0
DA:126,0
DA:143,0
DA:145,0
DA:147,0
DA:148,0
LF:43
LH:0
BRDA:22,0,0,0
BRDA:22,0,1,0
BRDA:25,1,0,0
BRDA:25,1,1,0
BRDA:34,2,0,0
BRDA:34,2,1,0
BRDA:35,3,0,0
BRDA:35,3,1,0
BRDA:51,4,0,0
BRDA:51,4,1,0
BRDA:52,5,0,0
BRDA:52,5,1,0
BRDA:53,6,0,0
BRDA:53,6,1,0
BRDA:53,7,0,0
BRDA:53,7,1,0
BRDA:57,8,0,0
BRDA:57,8,1,0
BRDA:58,9,0,0
BRDA:58,9,1,0
BRDA:59,10,0,0
BRDA:59,10,1,0
BRDA:61,11,0,0
BRDA:61,11,1,0
BRDA:61,12,0,0
BRDA:61,12,1,0
BRDA:63,13,0,0
BRDA:63,13,1,0
BRDA:65,14,0,0
BRDA:65,14,1,0
BRDA:65,15,0,0
BRDA:65,15,1,0
BRDA:67,16,0,0
BRDA:67,16,1,0
BRDA:72,17,0,0
BRDA:72,17,1,0
BRDA:78,18,0,0
BRDA:78,18,1,0
BRDA:79,19,0,0
BRDA:79,19,1,0
BRDA:80,20,0,0
BRDA:80,20,1,0
BRDA:81,21,0,0
BRDA:81,21,1,0
BRDA:82,22,0,0
BRDA:82,22,1,0
BRDA:93,23,0,0
BRDA:93,23,1,0
BRDA:94,24,0,0
BRDA:94,24,1,0
BRDA:95,25,0,0
BRDA:95,25,1,0
BRDA:95,26,0,0
BRDA:95,26,1,0
BRDA:100,27,0,0
BRDA:100,27,1,0
BRDA:108,28,0,0
BRDA:108,28,1,0
BRDA:109,29,0,0
BRDA:109,29,1,0
BRDA:121,30,0,0
BRDA:121,30,1,0
BRDA:122,31,0,0
BRDA:122,31,1,0
BRDA:122,31,2,0
BRDA:123,32,0,0
BRDA:123,32,1,0
BRDA:123,33,0,0
BRDA:123,33,1,0
BRDA:128,34,0,0
BRDA:128,34,1,0
BRDA:128,34,2,0
BRDA:133,35,0,0
BRDA:133,35,1,0
BRDA:136,36,0,0
BRDA:136,36,1,0
BRDA:137,37,0,0
BRDA:137,37,1,0
BRF:78
BRH:0
end_of_record
TN:
SF:src\app\api\admin\contractors\route.ts
FN:5,verifyPin
FN:13,GET
FN:28,PUT
FNF:3
FNH:0
FNDA:0,verifyPin
FNDA:0,GET
FNDA:0,PUT
DA:6,0
DA:7,0
DA:8,0
DA:9,0
DA:10,0
DA:14,0
DA:15,0
DA:16,0
DA:19,0
DA:20,0
DA:21,0
DA:23,0
DA:24,0
DA:29,0
DA:30,0
DA:31,0
DA:35,0
DA:36,0
DA:38,0
DA:41,0
DA:42,0
DA:43,0
DA:46,0
DA:47,0
DA:48,0
DA:50,0
DA:51,0
DA:52,0
DA:54,0
DA:55,0
LF:30
LH:0
BRDA:7,0,0,0
BRDA:7,0,1,0
BRDA:10,1,0,0
BRDA:10,1,1,0
BRDA:14,2,0,0
BRDA:14,2,1,0
BRDA:15,3,0,0
BRDA:15,3,1,0
BRDA:29,4,0,0
BRDA:29,4,1,0
BRDA:30,5,0,0
BRDA:30,5,1,0
BRDA:42,6,0,0
BRDA:42,6,1,0
BRDA:47,7,0,0
BRDA:47,7,1,0
BRDA:48,8,0,0
BRDA:48,8,1,0
BRF:18
BRH:0
end_of_record
TN:
SF:src\app\api\admin\crm\funnel\route.ts
FN:5,verifyPin
FN:17,GET
FN:58,(anonymous_2)
FN:63,(anonymous_3)
FN:74,(anonymous_4)
FN:76,(anonymous_5)
FN:77,(anonymous_6)
FN:86,PUT
FNF:8
FNH:0
FNDA:0,verifyPin
FNDA:0,GET
FNDA:0,(anonymous_2)
FNDA:0,(anonymous_3)
FNDA:0,(anonymous_4)
FNDA:0,(anonymous_5)
FNDA:0,(anonymous_6)
FNDA:0,PUT
DA:6,0
DA:7,0
DA:8,0
DA:9,0
DA:10,0
DA:18,0
DA:19,0
DA:20,0
DA:23,0
DA:25,0
DA:26,0
DA:27,0
DA:29,0
DA:42,0
DA:43,0
DA:45,0
DA:46,0
DA:49,0
DA:50,0
DA:53,0
DA:54,0
DA:56,0
DA:57,0
DA:58,0
DA:61,0
DA:62,0
DA:63,0
DA:66,0
DA:74,0
DA:76,0
DA:77,0
DA:87,0
DA:88,0
DA:89,0
DA:100,0
DA:101,0
DA:103,0
DA:106,0
DA:107,0
DA:108,0
DA:111,0
DA:112,0
DA:114,0
DA:115,0
DA:116,0
DA:117,0
DA:119,0
DA:120,0
DA:121,0
DA:122,0
DA:125,0
LF:51
LH:0
BRDA:7,0,0,0
BRDA:7,0,1,0
BRDA:10,1,0,0
BRDA:10,1,1,0
BRDA:18,2,0,0
BRDA:18,2,1,0
BRDA:19,3,0,0
BRDA:19,3,1,0
BRDA:26,4,0,0
BRDA:26,4,1,0
BRDA:27,5,0,0
BRDA:27,5,1,0
BRDA:42,6,0,0
BRDA:42,6,1,0
BRDA:45,7,0,0
BRDA:45,7,1,0
BRDA:49,8,0,0
BRDA:49,8,1,0
BRDA:50,9,0,0
BRDA:50,9,1,0
BRDA:76,10,0,0
BRDA:76,10,1,0
BRDA:87,11,0,0
BRDA:87,11,1,0
BRDA:88,12,0,0
BRDA:88,12,1,0
BRDA:107,13,0,0
BRDA:107,13,1,0
BRDA:107,14,0,0
BRDA:107,14,1,0
BRDA:112,15,0,0
BRDA:112,15,1,0
BRDA:115,16,0,0
BRDA:115,16,1,0
BRDA:116,17,0,0
BRDA:116,17,1,0
BRDA:117,18,0,0
BRDA:117,18,1,0
BRDA:120,19,0,0
BRDA:120,19,1,0
BRF:40
BRH:0
end_of_record
TN:
SF:src\app\api\admin\crm\prospects\route.ts
FN:6,verifyPin
FN:24,GET
FN:52,POST
FN:113,(anonymous_3)
FN:119,PUT
FN:195,(anonymous_5)
FNF:6
FNH:0
FNDA:0,verifyPin
FNDA:0,GET
FNDA:0,POST
FNDA:0,(anonymous_3)
FNDA:0,PUT
FNDA:0,(anonymous_5)
DA:7,0
DA:8,0
DA:9,0
DA:10,0
DA:11,0
DA:25,0
DA:26,0
DA:27,0
DA:30,0
DA:31,0
DA:33,0
DA:34,0
DA:40,0
DA:41,0
DA:44,0
DA:45,0
DA:46,0
DA:49,0
DA:53,0
DA:54,0
DA:55,0
DA:70,0
DA:71,0
DA:73,0
DA:76,0
DA:77,0
DA:80,0
DA:81,0
DA:98,0
DA:99,0
DA:100,0
DA:104,0
DA:105,0
DA:116,0
DA:120,0
DA:121,0
DA:122,0
DA:140,0
DA:141,0
DA:143,0
DA:146,0
DA:147,0
DA:150,0
DA:151,0
DA:157,0
DA:159,0
DA:160,0
DA:161,0
DA:162,0
DA:163,0
DA:164,0
DA:165,0
DA:166,0
DA:167,0
DA:168,0
DA:169,0
DA:171,0
DA:172,0
DA:173,0
DA:174,0
DA:177,0
DA:178,0
DA:185,0
DA:186,0
DA:198,0
LF:65
LH:0
BRDA:8,0,0,0
BRDA:8,0,1,0
BRDA:11,1,0,0
BRDA:11,1,1,0
BRDA:25,2,0,0
BRDA:25,2,1,0
BRDA:26,3,0,0
BRDA:26,3,1,0
BRDA:40,4,0,0
BRDA:40,4,1,0
BRDA:45,5,0,0
BRDA:45,5,1,0
BRDA:49,6,0,0
BRDA:49,6,1,0
BRDA:53,7,0,0
BRDA:53,7,1,0
BRDA:54,8,0,0
BRDA:54,8,1,0
BRDA:76,9,0,0
BRDA:76,9,1,0
BRDA:85,10,0,0
BRDA:85,10,1,0
BRDA:86,11,0,0
BRDA:86,11,1,0
BRDA:87,12,0,0
BRDA:87,12,1,0
BRDA:88,13,0,0
BRDA:88,13,1,0
BRDA:89,14,0,0
BRDA:89,14,1,0
BRDA:90,15,0,0
BRDA:90,15,1,0
BRDA:91,16,0,0
BRDA:91,16,1,0
BRDA:92,17,0,0
BRDA:92,17,1,0
BRDA:98,18,0,0
BRDA:98,18,1,0
BRDA:104,19,0,0
BRDA:104,19,1,0
BRDA:120,20,0,0
BRDA:120,20,1,0
BRDA:121,21,0,0
BRDA:121,21,1,0
BRDA:146,22,0,0
BRDA:146,22,1,0
BRDA:159,23,0,0
BRDA:159,23,1,0
BRDA:160,24,0,0
BRDA:160,24,1,0
BRDA:160,25,0,0
BRDA:160,25,1,0
BRDA:161,26,0,0
BRDA:161,26,1,0
BRDA:162,27,0,0
BRDA:162,27,1,0
BRDA:163,28,0,0
BRDA:163,28,1,0
BRDA:164,29,0,0
BRDA:164,29,1,0
BRDA:165,30,0,0
BRDA:165,30,1,0
BRDA:166,31,0,0
BRDA:166,31,1,0
BRDA:167,32,0,0
BRDA:167,32,1,0
BRDA:168,33,0,0
BRDA:168,33,1,0
BRDA:169,34,0,0
BRDA:169,34,1,0
BRDA:172,35,0,0
BRDA:172,35,1,0
BRDA:177,36,0,0
BRDA:177,36,1,0
BRDA:182,37,0,0
BRDA:182,37,1,0
BRDA:182,38,0,0
BRDA:182,38,1,0
BRDA:185,39,0,0
BRDA:185,39,1,0
BRDA:192,40,0,0
BRDA:192,40,1,0
BRF:82
BRH:0
end_of_record
TN:
SF:src\app\api\admin\customers\route.ts
FN:5,verifyPin
FN:13,GET
FN:34,PUT
FNF:3
FNH:0
FNDA:0,verifyPin
FNDA:0,GET
FNDA:0,PUT
DA:6,0
DA:7,0
DA:8,0
DA:9,0
DA:10,0
DA:14,0
DA:15,0
DA:16,0
DA:19,0
DA:20,0
DA:21,0
DA:26,0
DA:27,0
DA:29,0
DA:30,0
DA:35,0
DA:36,0
DA:37,0
DA:40,0
DA:41,0
DA:42,0
DA:44,0
DA:45,0
DA:50,0
DA:51,0
DA:53,0
DA:54,0
LF:27
LH:0
BRDA:7,0,0,0
BRDA:7,0,1,0
BRDA:10,1,0,0
BRDA:10,1,1,0
BRDA:14,2,0,0
BRDA:14,2,1,0
BRDA:15,3,0,0
BRDA:15,3,1,0
BRDA:26,4,0,0
BRDA:26,4,1,0
BRDA:27,5,0,0
BRDA:27,5,1,0
BRDA:35,6,0,0
BRDA:35,6,1,0
BRDA:36,7,0,0
BRDA:36,7,1,0
BRDA:42,8,0,0
BRDA:42,8,1,0
BRDA:50,9,0,0
BRDA:50,9,1,0
BRF:20
BRH:0
end_of_record
TN:
SF:src\app\api\admin\disputes\route.ts
FN:5,verifyPin
FN:13,GET
FNF:2
FNH:0
FNDA:0,verifyPin
FNDA:0,GET
DA:6,0
DA:7,0
DA:8,0
DA:9,0
DA:10,0
DA:14,0
DA:15,0
DA:16,0
DA:19,0
DA:20,0
DA:26,0
DA:27,0
DA:28,0
DA:31,0
LF:14
LH:0
BRDA:7,0,0,0
BRDA:7,0,1,0
BRDA:10,1,0,0
BRDA:10,1,1,0
BRDA:14,2,0,0
BRDA:14,2,1,0
BRDA:15,3,0,0
BRDA:15,3,1,0
BRDA:26,4,0,0
BRDA:26,4,1,0
BRDA:31,5,0,0
BRDA:31,5,1,0
BRF:12
BRH:0
end_of_record
TN:
SF:src\app\api\admin\documents\route.ts
FN:5,verifyPin
FN:29,formatDateRu
FN:33,formatMoney
FN:38,numberToWords
FN:101,generateDocHtml
FN:288,POST
FNF:6
FNH:0
FNDA:0,verifyPin
FNDA:0,formatDateRu
FNDA:0,formatMoney
FNDA:0,numberToWords
FNDA:0,generateDocHtml
FNDA:0,POST
DA:6,0
DA:7,0
DA:8,0
DA:9,0
DA:10,0
DA:30,0
DA:34,0
DA:39,0
DA:40,0
DA:41,0
DA:42,0
DA:44,0
DA:45,0
DA:47,0
DA:49,0
DA:50,0
DA:51,0
DA:53,0
DA:54,0
DA:55,0
DA:56,0
DA:57,0
DA:59,0
DA:60,0
DA:61,0
DA:62,0
DA:63,0
DA:65,0
DA:66,0
DA:67,0
DA:68,0
DA:69,0
DA:70,0
DA:73,0
DA:74,0
DA:75,0
DA:76,0
DA:78,0
DA:79,0
DA:80,0
DA:83,0
DA:84,0
DA:85,0
DA:86,0
DA:87,0
DA:88,0
DA:90,0
DA:91,0
DA:94,0
DA:107,0
DA:108,0
DA:109,0
DA:110,0
DA:111,0
DA:113,0
DA:114,0
DA:115,0
DA:116,0
DA:117,0
DA:118,0
DA:119,0
DA:121,0
DA:122,0
DA:123,0
DA:124,0
DA:126,0
DA:127,0
DA:129,0
DA:156,0
DA:157,0
DA:196,0
DA:197,0
DA:225,0
DA:226,0
DA:262,0
DA:289,0
DA:290,0
DA:291,0
DA:295,0
DA:296,0
DA:298,0
DA:301,0
DA:302,0
DA:303,0
DA:306,0
DA:307,0
DA:313,0
DA:314,0
DA:318,0
DA:321,0
DA:322,0
DA:325,0
DA:327,0
LF:93
LH:0
BRDA:7,0,0,0
BRDA:7,0,1,0
BRDA:10,1,0,0
BRDA:10,1,1,0
BRDA:47,2,0,0
BRDA:47,2,1,0
BRDA:53,3,0,0
BRDA:53,3,1,0
BRDA:56,4,0,0
BRDA:56,4,1,0
BRDA:57,5,0,0
BRDA:57,5,1,0
BRDA:57,6,0,0
BRDA:57,6,1,0
BRDA:59,7,0,0
BRDA:59,7,1,0
BRDA:61,8,0,0
BRDA:61,8,1,0
BRDA:62,9,0,0
BRDA:62,9,1,0
BRDA:63,10,0,0
BRDA:63,10,1,0
BRDA:67,11,0,0
BRDA:67,11,1,0
BRDA:67,12,0,0
BRDA:67,12,1,0
BRDA:68,13,0,0
BRDA:68,13,1,0
BRDA:69,14,0,0
BRDA:69,14,1,0
BRDA:69,15,0,0
BRDA:69,15,1,0
BRDA:75,16,0,0
BRDA:75,16,1,0
BRDA:76,17,0,0
BRDA:76,17,1,0
BRDA:76,18,0,0
BRDA:76,18,1,0
BRDA:78,19,0,0
BRDA:78,19,1,0
BRDA:80,20,0,0
BRDA:80,20,1,0
BRDA:85,21,0,0
BRDA:85,21,1,0
BRDA:85,22,0,0
BRDA:85,22,1,0
BRDA:86,23,0,0
BRDA:86,23,1,0
BRDA:87,24,0,0
BRDA:87,24,1,0
BRDA:87,25,0,0
BRDA:87,25,1,0
BRDA:109,26,0,0
BRDA:109,26,1,0
BRDA:109,26,2,0
BRDA:109,26,3,0
BRDA:110,27,0,0
BRDA:110,27,1,0
BRDA:110,28,0,0
BRDA:110,28,1,0
BRDA:110,29,0,0
BRDA:110,29,1,0
BRDA:111,30,0,0
BRDA:111,30,1,0
BRDA:113,31,0,0
BRDA:113,31,1,0
BRDA:114,32,0,0
BRDA:114,32,1,0
BRDA:115,33,0,0
BRDA:115,33,1,0
BRDA:116,34,0,0
BRDA:116,34,1,0
BRDA:117,35,0,0
BRDA:117,35,1,0
BRDA:118,36,0,0
BRDA:118,36,1,0
BRDA:119,37,0,0
BRDA:119,37,1,0
BRDA:121,38,0,0
BRDA:121,38,1,0
BRDA:121,39,0,0
BRDA:121,39,1,0
BRDA:122,40,0,0
BRDA:122,40,1,0
BRDA:123,41,0,0
BRDA:123,41,1,0
BRDA:124,42,0,0
BRDA:124,42,1,0
BRDA:124,43,0,0
BRDA:124,43,1,0
BRDA:127,44,0,0
BRDA:127,44,1,0
BRDA:127,44,2,0
BRDA:156,45,0,0
BRDA:156,45,1,0
BRDA:174,46,0,0
BRDA:174,46,1,0
BRDA:174,47,0,0
BRDA:174,47,1,0
BRDA:175,48,0,0
BRDA:175,48,1,0
BRDA:175,49,0,0
BRDA:175,49,1,0
BRDA:175,50,0,0
BRDA:175,50,1,0
BRDA:196,51,0,0
BRDA:196,51,1,0
BRDA:203,52,0,0
BRDA:203,52,1,0
BRDA:203,53,0,0
BRDA:203,53,1,0
BRDA:204,54,0,0
BRDA:204,54,1,0
BRDA:204,55,0,0
BRDA:204,55,1,0
BRDA:204,56,0,0
BRDA:204,56,1,0
BRDA:225,57,0,0
BRDA:225,57,1,0
BRDA:233,58,0,0
BRDA:233,58,1,0
BRDA:233,59,0,0
BRDA:233,59,1,0
BRDA:234,60,0,0
BRDA:234,60,1,0
BRDA:234,61,0,0
BRDA:234,61,1,0
BRDA:234,62,0,0
BRDA:234,62,1,0
BRDA:268,63,0,0
BRDA:268,63,1,0
BRDA:268,64,0,0
BRDA:268,64,1,0
BRDA:269,65,0,0
BRDA:269,65,1,0
BRDA:269,66,0,0
BRDA:269,66,1,0
BRDA:289,67,0,0
BRDA:289,67,1,0
BRDA:290,68,0,0
BRDA:290,68,1,0
BRDA:302,69,0,0
BRDA:302,69,1,0
BRDA:302,70,0,0
BRDA:302,70,1,0
BRDA:313,71,0,0
BRDA:313,71,1,0
BRDA:313,72,0,0
BRDA:313,72,1,0
BRDA:318,73,0,0
BRDA:318,73,1,0
BRDA:318,74,0,0
BRDA:318,74,1,0
BRDA:321,75,0,0
BRDA:321,75,1,0
BRDA:321,76,0,0
BRDA:321,76,1,0
BRF:157
BRH:0
end_of_record
TN:
SF:src\app\api\admin\generate-link\route.ts
FN:5,verifyPin
FN:13,POST
FNF:2
FNH:0
FNDA:0,verifyPin
FNDA:0,POST
DA:6,0
DA:7,0
DA:8,0
DA:9,0
DA:10,0
DA:14,0
DA:15,0
DA:16,0
DA:20,0
DA:21,0
DA:23,0
DA:26,0
DA:27,0
DA:29,0
DA:30,0
DA:33,0
DA:36,0
DA:43,0
DA:44,0
DA:46,0
DA:52,0
DA:53,0
DA:54,0
DA:56,0
DA:59,0
DA:60,0
DA:61,0
DA:63,0
LF:28
LH:0
BRDA:7,0,0,0
BRDA:7,0,1,0
BRDA:10,1,0,0
BRDA:10,1,1,0
BRDA:14,2,0,0
BRDA:14,2,1,0
BRDA:15,3,0,0
BRDA:15,3,1,0
BRDA:26,4,0,0
BRDA:26,4,1,0
BRDA:27,5,0,0
BRDA:27,5,1,0
BRDA:29,6,0,0
BRDA:29,6,1,0
BRDA:29,7,0,0
BRDA:29,7,1,0
BRDA:43,8,0,0
BRDA:43,8,1,0
BRDA:52,9,0,0
BRDA:52,9,1,0
BRDA:59,10,0,0
BRDA:59,10,1,0
BRDA:60,11,0,0
BRDA:60,11,1,0
BRF:24
BRH:0
end_of_record
TN:
SF:src\app\api\admin\leads\route.ts
FN:5,verifyPin
FN:13,GET
FNF:2
FNH:0
FNDA:0,verifyPin
FNDA:0,GET
DA:6,0
DA:7,0
DA:8,0
DA:9,0
DA:10,0
DA:14,0
DA:15,0
DA:16,0
DA:19,0
DA:20,0
DA:26,0
DA:27,0
DA:28,0
DA:31,0
LF:14
LH:0
BRDA:7,0,0,0
BRDA:7,0,1,0
BRDA:10,1,0,0
BRDA:10,1,1,0
BRDA:14,2,0,0
BRDA:14,2,1,0
BRDA:15,3,0,0
BRDA:15,3,1,0
BRDA:26,4,0,0
BRDA:26,4,1,0
BRDA:31,5,0,0
BRDA:31,5,1,0
BRF:12
BRH:0
end_of_record
TN:
SF:src\app\api\admin\listings\route.ts
FN:6,verifyPin
FN:14,GET
FN:35,POST
FN:89,PUT
FNF:4
FNH:0
FNDA:0,verifyPin
FNDA:0,GET
FNDA:0,POST
FNDA:0,PUT
DA:7,0
DA:8,0
DA:9,0
DA:10,0
DA:11,0
DA:15,0
DA:16,0
DA:17,0
DA:20,0
DA:21,0
DA:27,0
DA:28,0
DA:29,0
DA:32,0
DA:36,0
DA:37,0
DA:38,0
DA:42,0
DA:43,0
DA:45,0
DA:48,0
DA:49,0
DA:50,0
DA:53,0
DA:54,0
DA:55,0
DA:58,0
DA:59,0
DA:60,0
DA:62,0
DA:64,0
DA:81,0
DA:82,0
DA:83,0
DA:86,0
DA:90,0
DA:91,0
DA:92,0
DA:96,0
DA:97,0
DA:99,0
DA:102,0
DA:103,0
DA:104,0
DA:107,0
DA:108,0
DA:110,0
DA:111,0
DA:112,0
DA:114,0
DA:115,0
DA:116,0
DA:117,0
DA:120,0
DA:126,0
DA:129,0
DA:130,0
DA:131,0
DA:132,0
DA:135,0
DA:136,0
DA:139,0
DA:144,0
DA:145,0
DA:146,0
DA:149,0
LF:66
LH:0
BRDA:8,0,0,0
BRDA:8,0,1,0
BRDA:11,1,0,0
BRDA:11,1,1,0
BRDA:15,2,0,0
BRDA:15,2,1,0
BRDA:16,3,0,0
BRDA:16,3,1,0
BRDA:27,4,0,0
BRDA:27,4,1,0
BRDA:32,5,0,0
BRDA:32,5,1,0
BRDA:36,6,0,0
BRDA:36,6,1,0
BRDA:37,7,0,0
BRDA:37,7,1,0
BRDA:49,8,0,0
BRDA:49,8,1,0
BRDA:49,9,0,0
BRDA:49,9,1,0
BRDA:49,9,2,0
BRDA:49,9,3,0
BRDA:49,9,4,0
BRDA:54,10,0,0
BRDA:54,10,1,0
BRDA:54,11,0,0
BRDA:54,11,1,0
BRDA:81,12,0,0
BRDA:81,12,1,0
BRDA:90,13,0,0
BRDA:90,13,1,0
BRDA:91,14,0,0
BRDA:91,14,1,0
BRDA:103,15,0,0
BRDA:103,15,1,0
BRDA:110,16,0,0
BRDA:110,16,1,0
BRDA:111,17,0,0
BRDA:111,17,1,0
BRDA:112,18,0,0
BRDA:112,18,1,0
BRDA:114,19,0,0
BRDA:114,19,1,0
BRDA:116,20,0,0
BRDA:116,20,1,0
BRDA:116,21,0,0
BRDA:116,21,1,0
BRDA:126,22,0,0
BRDA:126,22,1,0
BRDA:135,23,0,0
BRDA:135,23,1,0
BRDA:144,24,0,0
BRDA:144,24,1,0
BRF:53
BRH:0
end_of_record
TN:
SF:src\app\api\admin\markup-rates\route.ts
FN:5,verifyPin
FN:13,GET
FN:34,PUT
FNF:3
FNH:0
FNDA:0,verifyPin
FNDA:0,GET
FNDA:0,PUT
DA:6,0
DA:7,0
DA:8,0
DA:9,0
DA:10,0
DA:14,0
DA:15,0
DA:16,0
DA:19,0
DA:20,0
DA:26,0
DA:27,0
DA:28,0
DA:31,0
DA:35,0
DA:36,0
DA:37,0
DA:41,0
DA:42,0
DA:44,0
DA:47,0
DA:50,0
DA:51,0
DA:52,0
DA:53,0
DA:54,0
DA:55,0
DA:59,0
DA:61,0
DA:65,0
DA:66,0
DA:69,0
DA:70,0
DA:73,0
DA:78,0
DA:79,0
DA:80,0
DA:83,0
LF:38
LH:0
BRDA:7,0,0,0
BRDA:7,0,1,0
BRDA:10,1,0,0
BRDA:10,1,1,0
BRDA:14,2,0,0
BRDA:14,2,1,0
BRDA:15,3,0,0
BRDA:15,3,1,0
BRDA:26,4,0,0
BRDA:26,4,1,0
BRDA:31,5,0,0
BRDA:31,5,1,0
BRDA:35,6,0,0
BRDA:35,6,1,0
BRDA:36,7,0,0
BRDA:36,7,1,0
BRDA:50,8,0,0
BRDA:50,8,1,0
BRDA:53,9,0,0
BRDA:53,9,1,0
BRDA:53,10,0,0
BRDA:53,10,1,0
BRDA:54,11,0,0
BRDA:54,11,1,0
BRDA:54,12,0,0
BRDA:54,12,1,0
BRDA:59,13,0,0
BRDA:59,13,1,0
BRDA:65,14,0,0
BRDA:65,14,1,0
BRDA:65,15,0,0
BRDA:65,15,1,0
BRDA:69,16,0,0
BRDA:69,16,1,0
BRDA:69,17,0,0
BRDA:69,17,1,0
BRDA:78,18,0,0
BRDA:78,18,1,0
BRF:38
BRH:0
end_of_record
TN:
SF:src\app\api\admin\orders\route.ts
FN:5,verifyPin
FN:13,GET
FNF:2
FNH:0
FNDA:0,verifyPin
FNDA:0,GET
DA:6,0
DA:7,0
DA:8,0
DA:9,0
DA:10,0
DA:14,0
DA:15,0
DA:16,0
DA:19,0
DA:20,0
DA:26,0
DA:27,0
DA:28,0
DA:31,0
LF:14
LH:0
BRDA:7,0,0,0
BRDA:7,0,1,0
BRDA:10,1,0,0
BRDA:10,1,1,0
BRDA:14,2,0,0
BRDA:14,2,1,0
BRDA:15,3,0,0
BRDA:15,3,1,0
BRDA:26,4,0,0
BRDA:26,4,1,0
BRDA:31,5,0,0
BRDA:31,5,1,0
BRF:12
BRH:0
end_of_record
TN:
SF:src\app\api\admin\orders\[id]\route.ts
FN:6,verifyPin
FN:26,PUT
FNF:2
FNH:0
FNDA:0,verifyPin
FNDA:0,PUT
DA:7,0
DA:8,0
DA:9,0
DA:10,0
DA:11,0
DA:14,0
DA:30,0
DA:31,0
DA:32,0
DA:35,0
DA:38,0
DA:39,0
DA:41,0
DA:44,0
DA:47,0
DA:48,0
DA:52,0
DA:53,0
DA:59,0
DA:61,0
DA:62,0
DA:63,0
DA:65,0
DA:66,0
DA:67,0
DA:68,0
DA:69,0
DA:70,0
DA:71,0
DA:72,0
DA:75,0
DA:76,0
DA:78,0
DA:79,0
DA:82,0
DA:83,0
DA:89,0
DA:90,0
DA:91,0
DA:92,0
DA:93,0
DA:94,0
DA:99,0
DA:100,0
DA:101,0
DA:102,0
DA:105,0
DA:106,0
DA:109,0
DA:110,0
DA:115,0
DA:116,0
DA:117,0
DA:120,0
DA:122,0
DA:123,0
LF:56
LH:0
BRDA:8,0,0,0
BRDA:8,0,1,0
BRDA:11,1,0,0
BRDA:11,1,1,0
BRDA:30,2,0,0
BRDA:30,2,1,0
BRDA:31,3,0,0
BRDA:31,3,1,0
BRDA:47,4,0,0
BRDA:47,4,1,0
BRDA:47,5,0,0
BRDA:47,5,1,0
BRDA:47,5,2,0
BRDA:52,6,0,0
BRDA:52,6,1,0
BRDA:52,7,0,0
BRDA:52,7,1,0
BRDA:61,8,0,0
BRDA:61,8,1,0
BRDA:65,9,0,0
BRDA:65,9,1,0
BRDA:66,10,0,0
BRDA:66,10,1,0
BRDA:67,11,0,0
BRDA:67,11,1,0
BRDA:68,12,0,0
BRDA:68,12,1,0
BRDA:69,13,0,0
BRDA:69,13,1,0
BRDA:70,14,0,0
BRDA:70,14,1,0
BRDA:71,15,0,0
BRDA:71,15,1,0
BRDA:72,16,0,0
BRDA:72,16,1,0
BRDA:75,17,0,0
BRDA:75,17,1,0
BRDA:76,18,0,0
BRDA:76,18,1,0
BRDA:76,19,0,0
BRDA:76,19,1,0
BRDA:76,19,2,0
BRDA:89,20,0,0
BRDA:89,20,1,0
BRDA:90,21,0,0
BRDA:90,21,1,0
BRDA:99,22,0,0
BRDA:99,22,1,0
BRDA:101,23,0,0
BRDA:101,23,1,0
BRDA:101,24,0,0
BRDA:101,24,1,0
BRDA:105,25,0,0
BRDA:105,25,1,0
BRDA:115,26,0,0
BRDA:115,26,1,0
BRF:56
BRH:0
end_of_record
TN:
SF:src\app\api\admin\orders\[id]\payment-status\route.ts
FN:6,resolveExecutorPhone
FN:36,verifyPin
FN:44,PUT
FNF:3
FNH:0
FNDA:0,resolveExecutorPhone
FNDA:0,verifyPin
FNDA:0,PUT
DA:11,0
DA:12,0
DA:18,0
DA:19,0
DA:23,0
DA:24,0
DA:27,0
DA:28,0
DA:29,0
DA:30,0
DA:33,0
DA:37,0
DA:38,0
DA:39,0
DA:40,0
DA:41,0
DA:48,0
DA:49,0
DA:50,0
DA:53,0
DA:56,0
DA:57,0
DA:59,0
DA:62,0
DA:64,0
DA:66,0
DA:67,0
DA:68,0
DA:69,0
DA:71,0
DA:72,0
DA:73,0
DA:74,0
DA:78,0
DA:79,0
DA:80,0
DA:81,0
DA:83,0
DA:84,0
DA:85,0
DA:86,0
DA:90,0
DA:91,0
DA:94,0
DA:95,0
DA:102,0
DA:103,0
DA:104,0
DA:107,0
DA:113,0
DA:114,0
DA:115,0
DA:134,0
DA:138,0
DA:139,0
DA:140,0
DA:157,0
DA:161,0
LF:58
LH:0
BRDA:11,0,0,0
BRDA:11,0,1,0
BRDA:18,1,0,0
BRDA:18,1,1,0
BRDA:23,2,0,0
BRDA:23,2,1,0
BRDA:29,3,0,0
BRDA:29,3,1,0
BRDA:33,4,0,0
BRDA:33,4,1,0
BRDA:38,5,0,0
BRDA:38,5,1,0
BRDA:41,6,0,0
BRDA:41,6,1,0
BRDA:48,7,0,0
BRDA:48,7,1,0
BRDA:49,8,0,0
BRDA:49,8,1,0
BRDA:66,9,0,0
BRDA:66,9,1,0
BRDA:68,10,0,0
BRDA:68,10,1,0
BRDA:72,11,0,0
BRDA:72,11,1,0
BRDA:78,12,0,0
BRDA:78,12,1,0
BRDA:80,13,0,0
BRDA:80,13,1,0
BRDA:84,14,0,0
BRDA:84,14,1,0
BRDA:90,15,0,0
BRDA:90,15,1,0
BRDA:102,16,0,0
BRDA:102,16,1,0
BRDA:109,17,0,0
BRDA:109,17,1,0
BRDA:110,18,0,0
BRDA:110,18,1,0
BRDA:113,19,0,0
BRDA:113,19,1,0
BRDA:125,20,0,0
BRDA:125,20,1,0
BRDA:138,21,0,0
BRDA:138,21,1,0
BRF:44
BRH:0
end_of_record
TN:
SF:src\app\api\admin\orders\[id]\send-invoice\route.ts
FN:6,verifyPin
FN:14,POST
FN:84,(anonymous_2)
FNF:3
FNH:0
FNDA:0,verifyPin
FNDA:0,POST
FNDA:0,(anonymous_2)
DA:7,0
DA:8,0
DA:9,0
DA:10,0
DA:11,0
DA:18,0
DA:19,0
DA:20,0
DA:23,0
DA:26,0
DA:27,0
DA:29,0
DA:32,0
DA:35,0
DA:36,0
DA:42,0
DA:43,0
DA:47,0
DA:56,0
DA:57,0
DA:58,0
DA:62,0
DA:68,0
DA:84,0
DA:86,0
LF:25
LH:0
BRDA:8,0,0,0
BRDA:8,0,1,0
BRDA:11,1,0,0
BRDA:11,1,1,0
BRDA:18,2,0,0
BRDA:18,2,1,0
BRDA:19,3,0,0
BRDA:19,3,1,0
BRDA:32,4,0,0
BRDA:32,4,1,0
BRDA:42,5,0,0
BRDA:42,5,1,0
BRDA:42,6,0,0
BRDA:42,6,1,0
BRDA:56,7,0,0
BRDA:56,7,1,0
BRDA:74,8,0,0
BRDA:74,8,1,0
BRDA:76,9,0,0
BRDA:76,9,1,0
BRDA:77,10,0,0
BRDA:77,10,1,0
BRDA:78,11,0,0
BRDA:78,11,1,0
BRDA:79,12,0,0
BRDA:79,12,1,0
BRDA:79,12,2,0
BRDA:80,13,0,0
BRDA:80,13,1,0
BRF:29
BRH:0
end_of_record
TN:
SF:src\app\api\admin\orders\[id]\send-link\route.ts
FN:7,verifyPin
FN:15,POST
FNF:2
FNH:0
FNDA:0,verifyPin
FNDA:0,POST
DA:8,0
DA:9,0
DA:10,0
DA:11,0
DA:12,0
DA:19,0
DA:20,0
DA:21,0
DA:24,0
DA:27,0
DA:33,0
DA:34,0
DA:35,0
DA:38,0
DA:39,0
DA:44,0
DA:45,0
DA:50,0
DA:51,0
DA:54,0
DA:55,0
DA:58,0
DA:63,0
DA:64,0
DA:65,0
DA:68,0
DA:69,0
DA:86,0
DA:89,0
LF:29
LH:0
BRDA:9,0,0,0
BRDA:9,0,1,0
BRDA:12,1,0,0
BRDA:12,1,1,0
BRDA:19,2,0,0
BRDA:19,2,1,0
BRDA:20,3,0,0
BRDA:20,3,1,0
BRDA:33,4,0,0
BRDA:33,4,1,0
BRDA:33,5,0,0
BRDA:33,5,1,0
BRDA:38,6,0,0
BRDA:38,6,1,0
BRDA:47,7,0,0
BRDA:47,7,1,0
BRDA:63,8,0,0
BRDA:63,8,1,0
BRDA:77,9,0,0
BRDA:77,9,1,0
BRDA:78,10,0,0
BRDA:78,10,1,0
BRDA:79,11,0,0
BRDA:79,11,1,0
BRF:24
BRH:0
end_of_record
TN:
SF:src\app\api\admin\own-equipment\route.ts
FN:7,verifyPin
FN:15,calcDisplayPrice
FN:23,GET
FN:46,POST
FN:118,PUT
FN:185,DELETE
FNF:6
FNH:0
FNDA:0,verifyPin
FNDA:0,calcDisplayPrice
FNDA:0,GET
FNDA:0,POST
FNDA:0,PUT
FNDA:0,DELETE
DA:5,0
DA:8,0
DA:9,0
DA:10,0
DA:11,0
DA:12,0
DA:16,0
DA:24,0
DA:25,0
DA:27,0
DA:28,0
DA:34,0
DA:35,0
DA:36,0
DA:38,0
DA:47,0
DA:48,0
DA:65,0
DA:66,0
DA:68,0
DA:69,0
DA:70,0
DA:73,0
DA:74,0
DA:75,0
DA:78,0
DA:80,0
DA:81,0
DA:107,0
DA:108,0
DA:109,0
DA:111,0
DA:119,0
DA:120,0
DA:139,0
DA:140,0
DA:142,0
DA:144,0
DA:145,0
DA:146,0
DA:147,0
DA:148,0
DA:149,0
DA:150,0
DA:151,0
DA:152,0
DA:153,0
DA:154,0
DA:155,0
DA:156,0
DA:158,0
DA:159,0
DA:160,0
DA:161,0
DA:163,0
DA:164,0
DA:167,0
DA:168,0
DA:174,0
DA:175,0
DA:176,0
DA:178,0
DA:186,0
DA:187,0
DA:189,0
DA:190,0
DA:192,0
DA:193,0
DA:199,0
DA:200,0
DA:201,0
DA:203,0
LF:72
LH:0
BRDA:9,0,0,0
BRDA:9,0,1,0
BRDA:12,1,0,0
BRDA:12,1,1,0
BRDA:24,2,0,0
BRDA:24,2,1,0
BRDA:25,3,0,0
BRDA:25,3,1,0
BRDA:34,4,0,0
BRDA:34,4,1,0
BRDA:38,5,0,0
BRDA:38,5,1,0
BRDA:47,6,0,0
BRDA:47,6,1,0
BRDA:48,7,0,0
BRDA:48,7,1,0
BRDA:69,8,0,0
BRDA:69,8,1,0
BRDA:69,9,0,0
BRDA:69,9,1,0
BRDA:69,9,2,0
BRDA:69,9,3,0
BRDA:74,10,0,0
BRDA:74,10,1,0
BRDA:74,11,0,0
BRDA:74,11,1,0
BRDA:88,12,0,0
BRDA:88,12,1,0
BRDA:94,13,0,0
BRDA:94,13,1,0
BRDA:95,14,0,0
BRDA:95,14,1,0
BRDA:96,15,0,0
BRDA:96,15,1,0
BRDA:97,16,0,0
BRDA:97,16,1,0
BRDA:98,17,0,0
BRDA:98,17,1,0
BRDA:99,18,0,0
BRDA:99,18,1,0
BRDA:100,19,0,0
BRDA:100,19,1,0
BRDA:107,20,0,0
BRDA:107,20,1,0
BRDA:119,21,0,0
BRDA:119,21,1,0
BRDA:120,22,0,0
BRDA:120,22,1,0
BRDA:142,23,0,0
BRDA:142,23,1,0
BRDA:145,24,0,0
BRDA:145,24,1,0
BRDA:146,25,0,0
BRDA:146,25,1,0
BRDA:146,26,0,0
BRDA:146,26,1,0
BRDA:147,27,0,0
BRDA:147,27,1,0
BRDA:148,28,0,0
BRDA:148,28,1,0
BRDA:149,29,0,0
BRDA:149,29,1,0
BRDA:150,30,0,0
BRDA:150,30,1,0
BRDA:151,31,0,0
BRDA:151,31,1,0
BRDA:152,32,0,0
BRDA:152,32,1,0
BRDA:152,33,0,0
BRDA:152,33,1,0
BRDA:153,34,0,0
BRDA:153,34,1,0
BRDA:154,35,0,0
BRDA:154,35,1,0
BRDA:155,36,0,0
BRDA:155,36,1,0
BRDA:156,37,0,0
BRDA:156,37,1,0
BRDA:158,38,0,0
BRDA:158,38,1,0
BRDA:160,39,0,0
BRDA:160,39,1,0
BRDA:160,40,0,0
BRDA:160,40,1,0
BRDA:174,41,0,0
BRDA:174,41,1,0
BRDA:186,42,0,0
BRDA:186,42,1,0
BRDA:187,43,0,0
BRDA:187,43,1,0
BRDA:190,44,0,0
BRDA:190,44,1,0
BRDA:199,45,0,0
BRDA:199,45,1,0
BRF:94
BRH:0
end_of_record
TN:
SF:src\app\api\admin\recalculate-prices\route.ts
FN:5,verifyPin
FN:13,POST
FN:55,(anonymous_2)
FNF:3
FNH:0
FNDA:0,verifyPin
FNDA:0,POST
FNDA:0,(anonymous_2)
DA:6,0
DA:7,0
DA:8,0
DA:9,0
DA:10,0
DA:14,0
DA:15,0
DA:16,0
DA:19,0
DA:22,0
DA:26,0
DA:27,0
DA:28,0
DA:32,0
DA:37,0
DA:38,0
DA:39,0
DA:42,0
DA:43,0
DA:45,0
DA:57,0
DA:62,0
DA:63,0
DA:64,0
DA:72,0
DA:76,0
LF:26
LH:0
BRDA:7,0,0,0
BRDA:7,0,1,0
BRDA:10,1,0,0
BRDA:10,1,1,0
BRDA:14,2,0,0
BRDA:14,2,1,0
BRDA:15,3,0,0
BRDA:15,3,1,0
BRDA:26,4,0,0
BRDA:26,4,1,0
BRDA:37,5,0,0
BRDA:37,5,1,0
BRDA:43,6,0,0
BRDA:43,6,1,0
BRDA:45,7,0,0
BRDA:45,7,1,0
BRDA:45,7,2,0
BRDA:55,8,0,0
BRDA:55,8,1,0
BRDA:57,9,0,0
BRDA:57,9,1,0
BRDA:57,9,2,0
BRDA:62,10,0,0
BRDA:62,10,1,0
BRDA:72,11,0,0
BRDA:72,11,1,0
BRDA:76,12,0,0
BRDA:76,12,1,0
BRF:28
BRH:0
end_of_record
TN:
SF:src\app\api\admin\responses\route.ts
FN:5,verifyPin
FN:14,GET
FN:36,PUT
FNF:3
FNH:0
FNDA:0,verifyPin
FNDA:0,GET
FNDA:0,PUT
DA:6,0
DA:7,0
DA:8,0
DA:9,0
DA:10,0
DA:15,0
DA:16,0
DA:17,0
DA:20,0
DA:21,0
DA:27,0
DA:28,0
DA:29,0
DA:32,0
DA:37,0
DA:38,0
DA:39,0
DA:43,0
DA:44,0
DA:46,0
DA:49,0
DA:50,0
DA:51,0
DA:54,0
DA:55,0
DA:58,0
DA:59,0
DA:64,0
DA:65,0
DA:66,0
DA:69,0
LF:31
LH:0
BRDA:7,0,0,0
BRDA:7,0,1,0
BRDA:10,1,0,0
BRDA:10,1,1,0
BRDA:15,2,0,0
BRDA:15,2,1,0
BRDA:16,3,0,0
BRDA:16,3,1,0
BRDA:27,4,0,0
BRDA:27,4,1,0
BRDA:32,5,0,0
BRDA:32,5,1,0
BRDA:37,6,0,0
BRDA:37,6,1,0
BRDA:38,7,0,0
BRDA:38,7,1,0
BRDA:50,8,0,0
BRDA:50,8,1,0
BRDA:54,9,0,0
BRDA:54,9,1,0
BRDA:54,10,0,0
BRDA:54,10,1,0
BRDA:64,11,0,0
BRDA:64,11,1,0
BRF:24
BRH:0
end_of_record
TN:
SF:src\app\api\admin\site-images\route.ts
FN:19,verifyPin
FN:27,pathFromPublicUrl
FN:43,POST
FN:106,(anonymous_3)
FN:114,(anonymous_4)
FN:125,DELETE
FN:157,(anonymous_6)
FNF:7
FNH:0
FNDA:0,verifyPin
FNDA:0,pathFromPublicUrl
FNDA:0,POST
FNDA:0,(anonymous_3)
FNDA:0,(anonymous_4)
FNDA:0,DELETE
FNDA:0,(anonymous_6)
DA:5,0
DA:6,0
DA:7,0
DA:9,0
DA:20,0
DA:21,0
DA:22,0
DA:23,0
DA:24,0
DA:29,0
DA:30,0
DA:31,0
DA:32,0
DA:44,0
DA:45,0
DA:46,0
DA:47,0
DA:50,0
DA:51,0
DA:53,0
DA:54,0
DA:56,0
DA:57,0
DA:60,0
DA:61,0
DA:62,0
DA:67,0
DA:68,0
DA:71,0
DA:74,0
DA:80,0
DA:82,0
DA:83,0
DA:85,0
DA:89,0
DA:90,0
DA:91,0
DA:94,0
DA:95,0
DA:97,0
DA:104,0
DA:106,0
DA:107,0
DA:108,0
DA:113,0
DA:114,0
DA:117,0
DA:126,0
DA:127,0
DA:128,0
DA:131,0
DA:132,0
DA:133,0
DA:136,0
DA:138,0
DA:144,0
DA:146,0
DA:151,0
DA:152,0
DA:153,0
DA:156,0
DA:157,0
DA:160,0
LF:63
LH:0
BRDA:21,0,0,0
BRDA:21,0,1,0
BRDA:24,1,0,0
BRDA:24,1,1,0
BRDA:31,2,0,0
BRDA:31,2,1,0
BRDA:45,3,0,0
BRDA:45,3,1,0
BRDA:46,4,0,0
BRDA:46,4,1,0
BRDA:50,5,0,0
BRDA:50,5,1,0
BRDA:53,6,0,0
BRDA:53,6,1,0
BRDA:53,7,0,0
BRDA:53,7,1,0
BRDA:56,8,0,0
BRDA:56,8,1,0
BRDA:60,9,0,0
BRDA:60,9,1,0
BRDA:61,10,0,0
BRDA:61,10,1,0
BRDA:67,11,0,0
BRDA:67,11,1,0
BRDA:80,12,0,0
BRDA:80,12,1,0
BRDA:89,13,0,0
BRDA:89,13,1,0
BRDA:104,14,0,0
BRDA:104,14,1,0
BRDA:113,15,0,0
BRDA:113,15,1,0
BRDA:126,16,0,0
BRDA:126,16,1,0
BRDA:127,17,0,0
BRDA:127,17,1,0
BRDA:131,18,0,0
BRDA:131,18,1,0
BRDA:132,19,0,0
BRDA:132,19,1,0
BRDA:132,20,0,0
BRDA:132,20,1,0
BRDA:144,21,0,0
BRDA:144,21,1,0
BRDA:151,22,0,0
BRDA:151,22,1,0
BRDA:156,23,0,0
BRDA:156,23,1,0
BRF:48
BRH:0
end_of_record
TN:
SF:src\app\api\admin\upload\route.ts
FN:5,verifyPin
FN:21,POST
FNF:2
FNH:0
FNDA:0,verifyPin
FNDA:0,POST
DA:6,0
DA:7,0
DA:8,0
DA:9,0
DA:10,0
DA:22,0
DA:23,0
DA:24,0
DA:25,0
DA:28,0
DA:29,0
DA:31,0
DA:32,0
DA:35,0
DA:36,0
DA:37,0
DA:38,0
DA:41,0
DA:42,0
DA:45,0
DA:46,0
DA:47,0
DA:49,0
DA:56,0
DA:57,0
DA:58,0
DA:61,0
DA:65,0
DA:68,0
DA:74,0
DA:75,0
DA:81,0
DA:82,0
DA:84,0
DA:90,0
LF:35
LH:0
BRDA:7,0,0,0
BRDA:7,0,1,0
BRDA:10,1,0,0
BRDA:10,1,1,0
BRDA:23,2,0,0
BRDA:23,2,1,0
BRDA:24,3,0,0
BRDA:24,3,1,0
BRDA:29,4,0,0
BRDA:29,4,1,0
BRDA:31,5,0,0
BRDA:31,5,1,0
BRDA:31,6,0,0
BRDA:31,6,1,0
BRDA:35,7,0,0
BRDA:35,7,1,0
BRDA:37,8,0,0
BRDA:37,8,1,0
BRDA:41,9,0,0
BRDA:41,9,1,0
BRDA:56,10,0,0
BRDA:56,10,1,0
BRDA:74,11,0,0
BRDA:74,11,1,0
BRDA:81,12,0,0
BRDA:81,12,1,0
BRF:26
BRH:0
end_of_record
TN:
SF:src\app\api\admin\verify-pin\route.ts
FN:8,isPinRateLimited
FN:19,POST
FNF:2
FNH:0
FNDA:0,isPinRateLimited
FNDA:0,POST
DA:4,0
DA:5,0
DA:6,0
DA:9,0
DA:10,0
DA:11,0
DA:12,0
DA:13,0
DA:15,0
DA:16,0
DA:20,0
DA:21,0
DA:22,0
DA:28,0
DA:29,0
DA:30,0
DA:34,0
DA:35,0
DA:37,0
DA:40,0
DA:42,0
DA:46,0
DA:47,0
DA:50,0
LF:24
LH:0
BRDA:11,0,0,0
BRDA:11,0,1,0
BRDA:11,1,0,0
BRDA:11,1,1,0
BRDA:20,2,0,0
BRDA:20,2,1,0
BRDA:21,3,0,0
BRDA:21,3,1,0
BRDA:29,4,0,0
BRDA:29,4,1,0
BRDA:40,5,0,0
BRDA:40,5,1,0
BRDA:42,6,0,0
BRDA:42,6,1,0
BRDA:46,7,0,0
BRDA:46,7,1,0
BRF:16
BRH:0
end_of_record
TN:
SF:src\app\api\auth\login\route.ts
FN:6,POST
FNF:1
FNH:0
FNDA:0,POST
DA:7,0
DA:8,0
DA:9,0
DA:10,0
DA:11,0
DA:17,0
DA:18,0
DA:20,0
DA:21,0
DA:24,0
DA:25,0
DA:27,0
DA:34,0
DA:35,0
DA:36,0
DA:38,0
DA:39,0
DA:43,0
DA:45,0
DA:46,0
DA:48,0
DA:50,0
DA:51,0
LF:23
LH:0
BRDA:8,0,0,0
BRDA:8,0,1,0
BRDA:10,1,0,0
BRDA:10,1,1,0
BRDA:20,2,0,0
BRDA:20,2,1,0
BRDA:20,3,0,0
BRDA:20,3,1,0
BRDA:35,4,0,0
BRDA:35,4,1,0
BRDA:38,5,0,0
BRDA:38,5,1,0
BRDA:38,6,0,0
BRDA:38,6,1,0
BRF:14
BRH:0
end_of_record
TN:
SF:src\app\api\auth\logout\route.ts
FN:4,POST
FNF:1
FNH:0
FNDA:0,POST
DA:5,0
DA:6,0
LF:2
LH:0
BRF:0
BRH:0
end_of_record
TN:
SF:src\app\api\auth\me\route.ts
FN:4,GET
FNF:1
FNH:0
FNDA:0,GET
DA:5,0
DA:6,0
DA:7,0
DA:9,0
DA:10,0
DA:11,0
DA:13,0
LF:7
LH:0
BRDA:6,0,0,0
BRDA:6,0,1,0
BRDA:10,1,0,0
BRDA:10,1,1,0
BRF:4
BRH:0
end_of_record
TN:
SF:src\app\api\auth\register\route.ts
FN:6,POST
FNF:1
FNH:0
FNDA:0,POST
DA:7,0
DA:8,0
DA:9,0
DA:10,0
DA:11,0
DA:17,0
DA:18,0
DA:20,0
DA:21,0
DA:23,0
DA:24,0
DA:25,0
DA:27,0
DA:28,0
DA:30,0
DA:31,0
DA:33,0
DA:34,0
DA:35,0
DA:37,0
DA:38,0
DA:41,0
DA:44,0
DA:50,0
DA:51,0
DA:54,0
DA:56,0
DA:71,0
DA:72,0
DA:73,0
DA:76,0
DA:77,0
DA:79,0
DA:81,0
DA:82,0
LF:35
LH:0
BRDA:8,0,0,0
BRDA:8,0,1,0
BRDA:10,1,0,0
BRDA:10,1,1,0
BRDA:20,2,0,0
BRDA:20,2,1,0
BRDA:20,3,0,0
BRDA:20,3,1,0
BRDA:20,3,2,0
BRDA:24,4,0,0
BRDA:24,4,1,0
BRDA:27,5,0,0
BRDA:27,5,1,0
BRDA:27,6,0,0
BRDA:27,6,1,0
BRDA:30,7,0,0
BRDA:30,7,1,0
BRDA:34,8,0,0
BRDA:34,8,1,0
BRDA:37,9,0,0
BRDA:37,9,1,0
BRDA:37,10,0,0
BRDA:37,10,1,0
BRDA:50,11,0,0
BRDA:50,11,1,0
BRDA:62,12,0,0
BRDA:62,12,1,0
BRDA:63,13,0,0
BRDA:63,13,1,0
BRDA:64,14,0,0
BRDA:64,14,1,0
BRDA:65,15,0,0
BRDA:65,15,1,0
BRDA:66,16,0,0
BRDA:66,16,1,0
BRDA:71,17,0,0
BRDA:71,17,1,0
BRDA:71,18,0,0
BRDA:71,18,1,0
BRF:39
BRH:0
end_of_record
TN:
SF:src\app\api\catalog-orders\route.ts
FN:13,POST
FN:85,(anonymous_1)
FN:99,(anonymous_2)
FNF:3
FNH:0
FNDA:0,POST
FNDA:0,(anonymous_1)
FNDA:0,(anonymous_2)
DA:14,0
DA:17,0
DA:18,0
DA:19,0
DA:23,0
DA:24,0
DA:26,0
DA:29,0
DA:31,0
DA:32,0
DA:35,0
DA:36,0
DA:37,0
DA:40,0
DA:44,0
DA:47,0
DA:50,0
DA:51,0
DA:52,0
DA:53,0
DA:56,0
DA:58,0
DA:66,0
DA:67,0
DA:68,0
DA:71,0
DA:86,0
DA:90,0
DA:91,0
DA:92,0
DA:93,0
DA:103,0
LF:32
LH:0
BRDA:14,0,0,0
BRDA:14,0,1,0
BRDA:14,0,2,0
BRDA:18,1,0,0
BRDA:18,1,1,0
BRDA:31,2,0,0
BRDA:31,2,1,0
BRDA:31,3,0,0
BRDA:31,3,1,0
BRDA:31,3,2,0
BRDA:31,3,3,0
BRDA:36,4,0,0
BRDA:36,4,1,0
BRDA:44,5,0,0
BRDA:44,5,1,0
BRDA:51,6,0,0
BRDA:51,6,1,0
BRDA:52,7,0,0
BRDA:52,7,1,0
BRDA:56,8,0,0
BRDA:56,8,1,0
BRDA:66,9,0,0
BRDA:66,9,1,0
BRDA:90,10,0,0
BRDA:90,10,1,0
BRF:25
BRH:0
end_of_record
TN:
SF:src\app\api\contractors\route.ts
FN:8,stripPhone
FN:12,POST
FN:119,(anonymous_2)
FN:124,(anonymous_3)
FNF:4
FNH:0
FNDA:0,stripPhone
FNDA:0,POST
FNDA:0,(anonymous_2)
FNDA:0,(anonymous_3)
DA:9,0
DA:13,0
DA:16,0
DA:17,0
DA:18,0
DA:22,0
DA:23,0
DA:25,0
DA:48,0
DA:51,0
DA:52,0
DA:56,0
DA:57,0
DA:58,0
DA:62,0
DA:63,0
DA:67,0
DA:68,0
DA:69,0
DA:70,0
DA:74,0
DA:75,0
DA:97,0
DA:98,0
DA:101,0
DA:103,0
DA:120,0
DA:124,0
DA:125,0
DA:126,0
DA:127,0
DA:133,0
DA:137,0
LF:33
LH:0
BRDA:13,0,0,0
BRDA:13,0,1,0
BRDA:13,0,2,0
BRDA:17,1,0,0
BRDA:17,1,1,0
BRDA:51,2,0,0
BRDA:51,2,1,0
BRDA:51,3,0,0
BRDA:51,3,1,0
BRDA:56,4,0,0
BRDA:56,4,1,0
BRDA:57,5,0,0
BRDA:57,5,1,0
BRDA:62,6,0,0
BRDA:62,6,1,0
BRDA:62,7,0,0
BRDA:62,7,1,0
BRDA:68,8,0,0
BRDA:68,8,1,0
BRDA:69,9,0,0
BRDA:69,9,1,0
BRDA:80,10,0,0
BRDA:80,10,1,0
BRDA:81,11,0,0
BRDA:81,11,1,0
BRDA:82,12,0,0
BRDA:82,12,1,0
BRDA:83,13,0,0
BRDA:83,13,1,0
BRDA:84,14,0,0
BRDA:84,14,1,0
BRDA:85,15,0,0
BRDA:85,15,1,0
BRDA:87,16,0,0
BRDA:87,16,1,0
BRDA:87,17,0,0
BRDA:87,17,1,0
BRDA:88,18,0,0
BRDA:88,18,1,0
BRDA:89,19,0,0
BRDA:89,19,1,0
BRDA:90,20,0,0
BRDA:90,20,1,0
BRDA:91,21,0,0
BRDA:91,21,1,0
BRDA:92,22,0,0
BRDA:92,22,1,0
BRDA:94,23,0,0
BRDA:94,23,1,0
BRDA:115,24,0,0
BRDA:115,24,1,0
BRDA:115,25,0,0
BRDA:115,25,1,0
BRF:53
BRH:0
end_of_record
TN:
SF:src\app\api\crm\update-stage\route.ts
FN:5,verifySecret
FN:27,POST
FNF:2
FNH:0
FNDA:0,verifySecret
FNDA:0,POST
DA:6,0
DA:7,0
DA:8,0
DA:9,0
DA:10,0
DA:36,0
DA:37,0
DA:39,0
DA:42,0
DA:43,0
DA:46,0
DA:48,0
DA:49,0
DA:52,0
DA:55,0
DA:56,0
DA:58,0
DA:59,0
DA:64,0
DA:65,0
DA:66,0
DA:71,0
DA:72,0
DA:73,0
DA:78,0
DA:81,0
LF:26
LH:0
BRDA:7,0,0,0
BRDA:7,0,1,0
BRDA:10,1,0,0
BRDA:10,1,1,0
BRDA:42,2,0,0
BRDA:42,2,1,0
BRDA:42,3,0,0
BRDA:42,3,1,0
BRDA:48,4,0,0
BRDA:48,4,1,0
BRDA:48,5,0,0
BRDA:48,5,1,0
BRDA:58,6,0,0
BRDA:58,6,1,0
BRDA:64,7,0,0
BRDA:64,7,1,0
BRDA:65,8,0,0
BRDA:65,8,1,0
BRDA:71,9,0,0
BRDA:71,9,1,0
BRDA:72,10,0,0
BRDA:72,10,1,0
BRDA:78,11,0,0
BRDA:78,11,1,0
BRF:24
BRH:0
end_of_record
TN:
SF:src\app\api\cron\analytics\route.ts
FN:5,verifyWorkerSecret
FN:19,GET
FN:37,POST
FNF:3
FNH:0
FNDA:0,verifyWorkerSecret
FNDA:0,GET
FNDA:0,POST
DA:6,0
DA:7,0
DA:9,0
DA:10,0
DA:11,0
DA:12,0
DA:14,0
DA:15,0
DA:16,0
DA:20,0
DA:21,0
DA:24,0
DA:26,0
DA:34,0
DA:38,0
LF:15
LH:0
BRDA:7,0,0,0
BRDA:7,0,1,0
BRDA:9,1,0,0
BRDA:9,1,1,0
BRDA:10,2,0,0
BRDA:10,2,1,0
BRDA:11,3,0,0
BRDA:11,3,1,0
BRDA:12,4,0,0
BRDA:12,4,1,0
BRDA:16,5,0,0
BRDA:16,5,1,0
BRDA:20,6,0,0
BRDA:20,6,1,0
BRF:14
BRH:0
end_of_record
TN:
SF:src\app\api\cron\crosspost\route.ts
FN:5,verifyWorkerSecret
FN:19,GET
FN:34,POST
FNF:3
FNH:0
FNDA:0,verifyWorkerSecret
FNDA:0,GET
FNDA:0,POST
DA:6,0
DA:7,0
DA:9,0
DA:10,0
DA:11,0
DA:12,0
DA:14,0
DA:15,0
DA:16,0
DA:20,0
DA:21,0
DA:24,0
DA:25,0
DA:26,0
DA:28,0
DA:29,0
DA:30,0
DA:35,0
LF:18
LH:0
BRDA:7,0,0,0
BRDA:7,0,1,0
BRDA:9,1,0,0
BRDA:9,1,1,0
BRDA:10,2,0,0
BRDA:10,2,1,0
BRDA:11,3,0,0
BRDA:11,3,1,0
BRDA:12,4,0,0
BRDA:12,4,1,0
BRDA:16,5,0,0
BRDA:16,5,1,0
BRDA:20,6,0,0
BRDA:20,6,1,0
BRDA:28,7,0,0
BRDA:28,7,1,0
BRF:16
BRH:0
end_of_record
TN:
SF:src\app\api\cron\jobs\route.ts
FN:6,verifyWorkerSecret
FN:24,runWorker
FN:58,GET
FN:62,POST
FNF:4
FNH:0
FNDA:0,verifyWorkerSecret
FNDA:0,runWorker
FNDA:0,GET
FNDA:0,POST
DA:7,0
DA:8,0
DA:9,0
DA:12,0
DA:13,0
DA:14,0
DA:15,0
DA:16,0
DA:19,0
DA:20,0
DA:21,0
DA:25,0
DA:26,0
DA:29,0
DA:30,0
DA:31,0
DA:34,0
DA:35,0
DA:37,0
DA:38,0
DA:44,0
DA:46,0
DA:53,0
DA:54,0
DA:59,0
DA:63,0
LF:26
LH:0
BRDA:8,0,0,0
BRDA:8,0,1,0
BRDA:12,1,0,0
BRDA:12,1,1,0
BRDA:13,2,0,0
BRDA:13,2,1,0
BRDA:14,3,0,0
BRDA:14,3,1,0
BRDA:15,4,0,0
BRDA:15,4,1,0
BRDA:21,5,0,0
BRDA:21,5,1,0
BRDA:25,6,0,0
BRDA:25,6,1,0
BRDA:30,7,0,0
BRDA:30,7,1,0
BRDA:31,8,0,0
BRDA:31,8,1,0
BRDA:34,9,0,0
BRDA:34,9,1,0
BRF:20
BRH:0
end_of_record
TN:
SF:src\app\api\health\route.ts
FN:10,GET
FN:19,(anonymous_1)
FN:29,(anonymous_2)
FNF:3
FNH:0
FNDA:0,GET
FNDA:0,(anonymous_1)
FNDA:0,(anonymous_2)
DA:11,0
DA:13,0
DA:14,0
DA:16,0
DA:17,0
DA:18,0
DA:19,0
DA:23,0
DA:26,0
DA:29,0
DA:30,0
DA:31,0
DA:32,0
DA:35,0
DA:36,0
DA:38,0
DA:39,0
DA:40,0
DA:41,0
DA:43,0
DA:45,0
LF:21
LH:0
BRDA:18,0,0,0
BRDA:18,0,1,0
BRDA:18,1,0,0
BRDA:18,1,1,0
BRDA:30,2,0,0
BRDA:30,2,1,0
BRDA:31,3,0,0
BRDA:31,3,1,0
BRDA:32,4,0,0
BRDA:32,4,1,0
BRDA:39,5,0,0
BRDA:39,5,1,0
BRDA:40,6,0,0
BRDA:40,6,1,0
BRDA:41,7,0,0
BRDA:41,7,1,0
BRDA:52,8,0,0
BRDA:52,8,1,0
BRF:18
BRH:0
end_of_record
TN:
SF:src\app\api\leads\route.ts
FN:20,stripPhone
FN:24,POST
FN:111,(anonymous_2)
FN:140,(anonymous_3)
FNF:4
FNH:0
FNDA:0,stripPhone
FNDA:0,POST
FNDA:0,(anonymous_2)
FNDA:0,(anonymous_3)
DA:21,0
DA:25,0
DA:28,0
DA:29,0
DA:30,0
DA:34,0
DA:35,0
DA:37,0
DA:40,0
DA:43,0
DA:44,0
DA:45,0
DA:49,0
DA:50,0
DA:51,0
DA:54,0
DA:57,0
DA:58,0
DA:59,0
DA:60,0
DA:61,0
DA:62,0
DA:63,0
DA:67,0
DA:68,0
DA:69,0
DA:70,0
DA:75,0
DA:90,0
DA:91,0
DA:92,0
DA:95,0
DA:96,0
DA:104,0
DA:112,0
DA:116,0
DA:127,0
DA:128,0
DA:134,0
DA:135,0
DA:141,0
DA:145,0
LF:42
LH:0
BRDA:25,0,0,0
BRDA:25,0,1,0
BRDA:25,0,2,0
BRDA:29,1,0,0
BRDA:29,1,1,0
BRDA:43,2,0,0
BRDA:43,2,1,0
BRDA:44,3,0,0
BRDA:44,3,1,0
BRDA:50,4,0,0
BRDA:50,4,1,0
BRDA:50,5,0,0
BRDA:50,5,1,0
BRDA:59,6,0,0
BRDA:59,6,1,0
BRDA:61,7,0,0
BRDA:61,7,1,0
BRDA:62,8,0,0
BRDA:62,8,1,0
BRDA:68,9,0,0
BRDA:68,9,1,0
BRDA:78,10,0,0
BRDA:78,10,1,0
BRDA:79,11,0,0
BRDA:79,11,1,0
BRDA:82,12,0,0
BRDA:82,12,1,0
BRDA:83,13,0,0
BRDA:83,13,1,0
BRDA:84,14,0,0
BRDA:84,14,1,0
BRDA:85,15,0,0
BRDA:85,15,1,0
BRDA:86,16,0,0
BRDA:86,16,1,0
BRDA:87,17,0,0
BRDA:87,17,1,0
BRDA:90,18,0,0
BRDA:90,18,1,0
BRDA:95,19,0,0
BRDA:95,19,1,0
BRDA:98,20,0,0
BRDA:98,20,1,0
BRDA:100,21,0,0
BRDA:100,21,1,0
BRDA:107,22,0,0
BRDA:107,22,1,0
BRDA:110,23,0,0
BRDA:110,23,1,0
BRDA:121,24,0,0
BRDA:121,24,1,0
BRDA:122,25,0,0
BRDA:122,25,1,0
BRDA:123,26,0,0
BRDA:123,26,1,0
BRDA:124,27,0,0
BRDA:124,27,1,0
BRDA:129,28,0,0
BRDA:129,28,1,0
BRDA:130,29,0,0
BRDA:130,29,1,0
BRDA:131,30,0,0
BRDA:131,30,1,0
BRDA:132,31,0,0
BRDA:132,31,1,0
BRF:65
BRH:0
end_of_record
TN:
SF:src\app\api\listings\public\route.ts
FN:12,GET
FNF:1
FNH:0
FNDA:0,GET
DA:13,0
DA:14,0
DA:15,0
DA:17,0
DA:24,0
DA:25,0
DA:27,0
DA:28,0
DA:31,0
DA:32,0
DA:33,0
DA:34,0
DA:37,0
LF:13
LH:0
BRDA:24,0,0,0
BRDA:24,0,1,0
BRDA:27,1,0,0
BRDA:27,1,1,0
BRDA:32,2,0,0
BRDA:32,2,1,0
BRDA:37,3,0,0
BRDA:37,3,1,0
BRF:8
BRH:0
end_of_record
TN:
SF:src\app\api\my\recover\route.ts
FN:7,stripPhone
FN:13,POST
FN:59,(anonymous_2)
FNF:3
FNH:0
FNDA:0,stripPhone
FNDA:0,POST
FNDA:0,(anonymous_2)
DA:8,0
DA:11,0
DA:15,0
DA:16,0
DA:18,0
DA:21,0
DA:24,0
DA:25,0
DA:26,0
DA:30,0
DA:31,0
DA:32,0
DA:36,0
DA:37,0
DA:44,0
DA:45,0
DA:48,0
DA:60,0
DA:63,0
LF:19
LH:0
BRDA:24,0,0,0
BRDA:24,0,1,0
BRDA:25,1,0,0
BRDA:25,1,1,0
BRDA:31,2,0,0
BRDA:31,2,1,0
BRDA:44,3,0,0
BRDA:44,3,1,0
BRF:8
BRH:0
end_of_record
TN:
SF:src\app\api\orders\route.ts
FN:6,stripPhone
FN:10,POST
FN:103,(anonymous_2)
FNF:3
FNH:0
FNDA:0,stripPhone
FNDA:0,POST
FNDA:0,(anonymous_2)
DA:7,0
DA:12,0
DA:13,0
DA:15,0
DA:33,0
DA:36,0
DA:37,0
DA:38,0
DA:42,0
DA:43,0
DA:44,0
DA:48,0
DA:49,0
DA:71,0
DA:72,0
DA:76,0
DA:77,0
DA:82,0
DA:83,0
DA:86,0
DA:104,0
DA:107,0
LF:22
LH:0
BRDA:36,0,0,0
BRDA:36,0,1,0
BRDA:37,1,0,0
BRDA:37,1,1,0
BRDA:43,2,0,0
BRDA:43,2,1,0
BRDA:43,3,0,0
BRDA:43,3,1,0
BRDA:53,4,0,0
BRDA:53,4,1,0
BRDA:54,5,0,0
BRDA:54,5,1,0
BRDA:55,6,0,0
BRDA:55,6,1,0
BRDA:56,7,0,0
BRDA:56,7,1,0
BRDA:56,8,0,0
BRDA:56,8,1,0
BRDA:60,9,0,0
BRDA:60,9,1,0
BRDA:61,10,0,0
BRDA:61,10,1,0
BRDA:62,11,0,0
BRDA:62,11,1,0
BRDA:63,12,0,0
BRDA:63,12,1,0
BRDA:64,13,0,0
BRDA:64,13,1,0
BRDA:65,14,0,0
BRDA:65,14,1,0
BRDA:66,15,0,0
BRDA:66,15,1,0
BRDA:68,16,0,0
BRDA:68,16,1,0
BRDA:79,17,0,0
BRDA:79,17,1,0
BRDA:102,18,0,0
BRDA:102,18,1,0
BRDA:111,19,0,0
BRDA:111,19,1,0
BRF:40
BRH:0
end_of_record
TN:
SF:src\app\api\orders\[id]\confirm\route.ts
FN:8,POST
FNF:1
FNH:0
FNDA:0,POST
DA:12,0
DA:13,0
DA:16,0
DA:17,0
DA:19,0
DA:22,0
DA:24,0
DA:25,0
DA:27,0
DA:28,0
DA:32,0
DA:33,0
DA:34,0
DA:41,0
DA:42,0
DA:49,0
DA:50,0
DA:51,0
DA:55,0
DA:56,0
DA:58,0
DA:59,0
DA:62,0
DA:64,0
DA:65,0
DA:70,0
DA:77,0
DA:79,0
DA:81,0
DA:84,0
DA:87,0
DA:93,0
DA:94,0
LF:33
LH:0
BRDA:24,0,0,0
BRDA:24,0,1,0
BRDA:24,1,0,0
BRDA:24,1,1,0
BRDA:27,2,0,0
BRDA:27,2,1,0
BRDA:27,3,0,0
BRDA:27,3,1,0
BRDA:33,4,0,0
BRDA:33,4,1,0
BRDA:41,5,0,0
BRDA:41,5,1,0
BRDA:41,6,0,0
BRDA:41,6,1,0
BRDA:50,7,0,0
BRDA:50,7,1,0
BRDA:55,8,0,0
BRDA:55,8,1,0
BRDA:55,9,0,0
BRDA:55,9,1,0
BRDA:58,10,0,0
BRDA:58,10,1,0
BRDA:58,11,0,0
BRDA:58,11,1,0
BRDA:64,12,0,0
BRDA:64,12,1,0
BRDA:79,13,0,0
BRDA:79,13,1,0
BRDA:81,14,0,0
BRDA:81,14,1,0
BRF:30
BRH:0
end_of_record
TN:
SF:src\app\api\orders\[id]\dispute\route.ts
FN:7,resolveExecutorPhone
FN:36,POST
FN:121,PATCH
FN:161,(anonymous_3)
FNF:4
FNH:0
FNDA:0,resolveExecutorPhone
FNDA:0,POST
FNDA:0,PATCH
FNDA:0,(anonymous_3)
DA:11,0
DA:12,0
DA:18,0
DA:19,0
DA:23,0
DA:24,0
DA:27,0
DA:28,0
DA:29,0
DA:30,0
DA:33,0
DA:40,0
DA:41,0
DA:44,0
DA:45,0
DA:47,0
DA:50,0
DA:52,0
DA:53,0
DA:58,0
DA:59,0
DA:63,0
DA:64,0
DA:65,0
DA:69,0
DA:70,0
DA:71,0
DA:78,0
DA:86,0
DA:88,0
DA:89,0
DA:106,0
DA:109,0
DA:114,0
DA:115,0
DA:125,0
DA:126,0
DA:128,0
DA:129,0
DA:130,0
DA:134,0
DA:135,0
DA:137,0
DA:140,0
DA:141,0
DA:142,0
DA:143,0
DA:144,0
DA:147,0
DA:148,0
DA:149,0
DA:155,0
DA:156,0
DA:157,0
DA:160,0
DA:161,0
DA:162,0
DA:163,0
DA:166,0
DA:169,0
DA:172,0
DA:175,0
DA:176,0
DA:181,0
DA:190,0
DA:191,0
DA:209,0
DA:212,0
DA:214,0
DA:215,0
LF:70
LH:0
BRDA:11,0,0,0
BRDA:11,0,1,0
BRDA:18,1,0,0
BRDA:18,1,1,0
BRDA:23,2,0,0
BRDA:23,2,1,0
BRDA:29,3,0,0
BRDA:29,3,1,0
BRDA:33,4,0,0
BRDA:33,4,1,0
BRDA:52,5,0,0
BRDA:52,5,1,0
BRDA:52,6,0,0
BRDA:52,6,1,0
BRDA:58,7,0,0
BRDA:58,7,1,0
BRDA:58,8,0,0
BRDA:58,8,1,0
BRDA:64,9,0,0
BRDA:64,9,1,0
BRDA:69,10,0,0
BRDA:69,10,1,0
BRDA:70,11,0,0
BRDA:70,11,1,0
BRDA:70,12,0,0
BRDA:70,12,1,0
BRDA:82,13,0,0
BRDA:82,13,1,0
BRDA:99,14,0,0
BRDA:99,14,1,0
BRDA:129,15,0,0
BRDA:129,15,1,0
BRDA:140,16,0,0
BRDA:140,16,1,0
BRDA:143,17,0,0
BRDA:143,17,1,0
BRDA:143,18,0,0
BRDA:143,18,1,0
BRDA:148,19,0,0
BRDA:148,19,1,0
BRDA:148,20,0,0
BRDA:148,20,1,0
BRDA:156,21,0,0
BRDA:156,21,1,0
BRDA:162,22,0,0
BRDA:162,22,1,0
BRDA:166,23,0,0
BRDA:166,23,1,0
BRDA:182,24,0,0
BRDA:182,24,1,0
BRDA:185,25,0,0
BRDA:185,25,1,0
BRF:52
BRH:0
end_of_record
TN:
SF:src\app\api\orders\create\route.ts
FN:36,stripPhone
FN:40,POST
FN:143,(anonymous_2)
FN:155,(anonymous_3)
FN:226,(anonymous_4)
FN:238,(anonymous_5)
FNF:6
FNH:0
FNDA:0,stripPhone
FNDA:0,POST
FNDA:0,(anonymous_2)
FNDA:0,(anonymous_3)
FNDA:0,(anonymous_4)
FNDA:0,(anonymous_5)
DA:37,0
DA:41,0
DA:44,0
DA:45,0
DA:46,0
DA:50,0
DA:51,0
DA:53,0
DA:56,0
DA:59,0
DA:60,0
DA:61,0
DA:63,0
DA:64,0
DA:67,0
DA:69,0
DA:70,0
DA:71,0
DA:72,0
DA:75,0
DA:76,0
DA:78,0
DA:104,0
DA:105,0
DA:106,0
DA:107,0
DA:111,0
DA:112,0
DA:122,0
DA:146,0
DA:147,0
DA:148,0
DA:149,0
DA:158,0
DA:161,0
DA:162,0
DA:163,0
DA:164,0
DA:167,0
DA:169,0
DA:189,0
DA:190,0
DA:191,0
DA:192,0
DA:196,0
DA:197,0
DA:207,0
DA:229,0
DA:230,0
DA:231,0
DA:232,0
DA:241,0
DA:244,0
LF:53
LH:0
BRDA:41,0,0,0
BRDA:41,0,1,0
BRDA:41,0,2,0
BRDA:45,1,0,0
BRDA:45,1,1,0
BRDA:59,2,0,0
BRDA:59,2,1,0
BRDA:60,3,0,0
BRDA:60,3,1,0
BRDA:63,4,0,0
BRDA:63,4,1,0
BRDA:63,5,0,0
BRDA:63,5,1,0
BRDA:63,5,2,0
BRDA:69,6,0,0
BRDA:69,6,1,0
BRDA:71,7,0,0
BRDA:71,7,1,0
BRDA:71,8,0,0
BRDA:71,8,1,0
BRDA:71,8,2,0
BRDA:95,9,0,0
BRDA:95,9,1,0
BRDA:95,10,0,0
BRDA:95,10,1,0
BRDA:98,11,0,0
BRDA:98,11,1,0
BRDA:105,12,0,0
BRDA:105,12,1,0
BRDA:116,13,0,0
BRDA:116,13,1,0
BRDA:161,14,0,0
BRDA:161,14,1,0
BRDA:163,15,0,0
BRDA:163,15,1,0
BRDA:182,16,0,0
BRDA:182,16,1,0
BRDA:182,17,0,0
BRDA:182,17,1,0
BRDA:184,18,0,0
BRDA:184,18,1,0
BRDA:185,19,0,0
BRDA:185,19,1,0
BRDA:185,20,0,0
BRDA:185,20,1,0
BRDA:190,21,0,0
BRDA:190,21,1,0
BRDA:201,22,0,0
BRDA:201,22,1,0
BRDA:201,23,0,0
BRDA:201,23,1,0
BRF:51
BRH:0
end_of_record
TN:
SF:src\app\api\orders\my\route.ts
FN:4,GET
FN:23,(anonymous_1)
FNF:2
FNH:0
FNDA:0,GET
FNDA:0,(anonymous_1)
DA:5,0
DA:6,0
DA:8,0
DA:9,0
DA:12,0
DA:13,0
DA:14,0
DA:17,0
DA:23,0
DA:41,0
LF:10
LH:0
BRDA:8,0,0,0
BRDA:8,0,1,0
BRDA:13,1,0,0
BRDA:13,1,1,0
BRDA:35,2,0,0
BRDA:35,2,1,0
BRF:6
BRH:0
end_of_record
TN:
SF:src\app\api\orders\public\route.ts
FN:10,GET
FNF:1
FNH:0
FNDA:0,GET
DA:11,0
DA:13,0
DA:24,0
DA:25,0
DA:26,0
DA:29,0
LF:6
LH:0
BRDA:24,0,0,0
BRDA:24,0,1,0
BRDA:29,1,0,0
BRDA:29,1,1,0
BRF:4
BRH:0
end_of_record
TN:
SF:src\app\api\orders\respond\route.ts
FN:18,POST
FN:73,(anonymous_1)
FNF:2
FNH:0
FNDA:0,POST
FNDA:0,(anonymous_1)
DA:19,0
DA:22,0
DA:23,0
DA:24,0
DA:28,0
DA:29,0
DA:31,0
DA:34,0
DA:36,0
DA:37,0
DA:40,0
DA:41,0
DA:42,0
DA:45,0
DA:47,0
DA:56,0
DA:57,0
DA:58,0
DA:61,0
DA:74,0
DA:77,0
LF:21
LH:0
BRDA:19,0,0,0
BRDA:19,0,1,0
BRDA:19,0,2,0
BRDA:23,1,0,0
BRDA:23,1,1,0
BRDA:36,2,0,0
BRDA:36,2,1,0
BRDA:36,3,0,0
BRDA:36,3,1,0
BRDA:36,3,2,0
BRDA:41,4,0,0
BRDA:41,4,1,0
BRDA:51,5,0,0
BRDA:51,5,1,0
BRDA:52,6,0,0
BRDA:52,6,1,0
BRDA:56,7,0,0
BRDA:56,7,1,0
BRF:18
BRH:0
end_of_record
TN:
SF:src\app\api\payment\callback\route.ts
FN:27,verifyTinkoff
FN:33,(anonymous_1)
FN:34,(anonymous_2)
FN:36,(anonymous_3)
FN:38,(anonymous_4)
FN:45,verifyYooKassa
FN:64,normaliseTinkoff
FN:73,normaliseYooKassa
FN:89,POST
FNF:9
FNH:0
FNDA:0,verifyTinkoff
FNDA:0,(anonymous_1)
FNDA:0,(anonymous_2)
FNDA:0,(anonymous_3)
FNDA:0,(anonymous_4)
FNDA:0,verifyYooKassa
FNDA:0,normaliseTinkoff
FNDA:0,normaliseYooKassa
FNDA:0,POST
DA:29,0
DA:30,0
DA:32,0
DA:33,0
DA:34,0
DA:36,0
DA:38,0
DA:39,0
DA:40,0
DA:41,0
DA:42,0
DA:47,0
DA:48,0
DA:49,0
DA:50,0
DA:65,0
DA:74,0
DA:75,0
DA:76,0
DA:77,0
DA:90,0
DA:93,0
DA:94,0
DA:96,0
DA:99,0
DA:100,0
DA:103,0
DA:104,0
DA:105,0
DA:106,0
DA:107,0
DA:109,0
DA:110,0
DA:112,0
DA:116,0
DA:117,0
DA:118,0
DA:119,0
DA:120,0
DA:122,0
DA:128,0
DA:129,0
DA:130,0
DA:131,0
DA:132,0
DA:133,0
DA:134,0
DA:137,0
DA:138,0
DA:146,0
DA:148,0
DA:151,0
DA:154,0
DA:155,0
DA:156,0
DA:161,0
DA:164,0
DA:165,0
DA:166,0
DA:170,0
DA:176,0
DA:177,0
DA:178,0
DA:182,0
DA:183,0
DA:186,0
DA:189,0
DA:199,0
DA:200,0
DA:202,0
DA:206,0
DA:223,0
LF:72
LH:0
BRDA:30,0,0,0
BRDA:30,0,1,0
BRDA:33,1,0,0
BRDA:33,1,1,0
BRDA:33,1,2,0
BRDA:42,2,0,0
BRDA:42,2,1,0
BRDA:50,3,0,0
BRDA:50,3,1,0
BRDA:66,4,0,0
BRDA:66,4,1,0
BRDA:67,5,0,0
BRDA:67,5,1,0
BRDA:68,6,0,0
BRDA:68,6,1,0
BRDA:69,7,0,0
BRDA:69,7,1,0
BRDA:74,8,0,0
BRDA:74,8,1,0
BRDA:75,9,0,0
BRDA:75,9,1,0
BRDA:78,10,0,0
BRDA:78,10,1,0
BRDA:79,11,0,0
BRDA:79,11,1,0
BRDA:80,12,0,0
BRDA:80,12,1,0
BRDA:81,13,0,0
BRDA:81,13,1,0
BRDA:99,14,0,0
BRDA:99,14,1,0
BRDA:103,15,0,0
BRDA:103,15,1,0
BRDA:105,16,0,0
BRDA:105,16,1,0
BRDA:109,17,0,0
BRDA:109,17,1,0
BRDA:116,18,0,0
BRDA:116,18,1,0
BRDA:118,19,0,0
BRDA:118,19,1,0
BRDA:118,19,2,0
BRDA:119,20,0,0
BRDA:119,20,1,0
BRDA:119,21,0,0
BRDA:119,21,1,0
BRDA:119,21,2,0
BRDA:129,22,0,0
BRDA:129,22,1,0
BRDA:130,23,0,0
BRDA:130,23,1,0
BRDA:133,24,0,0
BRDA:133,24,1,0
BRDA:133,25,0,0
BRDA:133,25,1,0
BRDA:137,26,0,0
BRDA:137,26,1,0
BRDA:142,27,0,0
BRDA:142,27,1,0
BRDA:146,28,0,0
BRDA:146,28,1,0
BRDA:155,29,0,0
BRDA:155,29,1,0
BRDA:161,30,0,0
BRDA:161,30,1,0
BRDA:164,31,0,0
BRDA:164,31,1,0
BRDA:176,32,0,0
BRDA:176,32,1,0
BRDA:182,33,0,0
BRDA:182,33,1,0
BRDA:199,34,0,0
BRDA:199,34,1,0
BRDA:211,35,0,0
BRDA:211,35,1,0
BRDA:212,36,0,0
BRDA:212,36,1,0
BRDA:213,37,0,0
BRDA:213,37,1,0
BRDA:214,38,0,0
BRDA:214,38,1,0
BRF:81
BRH:0
end_of_record
TN:
SF:src\app\api\payment\create\route.ts
FN:31,verifySecret
FN:43,createGatewaySession
FN:117,POST
FNF:3
FNH:0
FNDA:0,verifySecret
FNDA:0,createGatewaySession
FNDA:0,POST
DA:32,0
DA:33,0
DA:34,0
DA:35,0
DA:36,0
DA:49,0
DA:52,0
DA:53,0
DA:54,0
DA:55,0
DA:56,0
DA:59,0
DA:72,0
DA:73,0
DA:74,0
DA:76,0
DA:80,0
DA:81,0
DA:82,0
DA:83,0
DA:84,0
DA:86,0
DA:87,0
DA:102,0
DA:103,0
DA:104,0
DA:106,0
DA:110,0
DA:111,0
DA:118,0
DA:119,0
DA:120,0
DA:124,0
DA:125,0
DA:127,0
DA:130,0
DA:131,0
DA:132,0
DA:135,0
DA:138,0
DA:144,0
DA:145,0
DA:148,0
DA:149,0
DA:152,0
DA:153,0
DA:154,0
DA:156,0
DA:157,0
DA:165,0
DA:166,0
DA:178,0
DA:193,0
DA:195,0
DA:196,0
DA:197,0
LF:56
LH:0
BRDA:33,0,0,0
BRDA:33,0,1,0
BRDA:36,1,0,0
BRDA:36,1,1,0
BRDA:52,2,0,0
BRDA:52,2,1,0
BRDA:55,3,0,0
BRDA:55,3,1,0
BRDA:55,4,0,0
BRDA:55,4,1,0
BRDA:69,5,0,0
BRDA:69,5,1,0
BRDA:73,6,0,0
BRDA:73,6,1,0
BRDA:73,7,0,0
BRDA:73,7,1,0
BRDA:73,7,2,0
BRDA:74,8,0,0
BRDA:74,8,1,0
BRDA:80,9,0,0
BRDA:80,9,1,0
BRDA:83,10,0,0
BRDA:83,10,1,0
BRDA:83,11,0,0
BRDA:83,11,1,0
BRDA:103,12,0,0
BRDA:103,12,1,0
BRDA:103,13,0,0
BRDA:103,13,1,0
BRDA:104,14,0,0
BRDA:104,14,1,0
BRDA:110,15,0,0
BRDA:110,15,1,0
BRDA:118,16,0,0
BRDA:118,16,1,0
BRDA:119,17,0,0
BRDA:119,17,1,0
BRDA:131,18,0,0
BRDA:131,18,1,0
BRDA:131,19,0,0
BRDA:131,19,1,0
BRDA:131,19,2,0
BRDA:144,20,0,0
BRDA:144,20,1,0
BRDA:144,21,0,0
BRDA:144,21,1,0
BRDA:148,22,0,0
BRDA:148,22,1,0
BRDA:148,23,0,0
BRDA:148,23,1,0
BRDA:152,24,0,0
BRDA:152,24,1,0
BRDA:153,25,0,0
BRDA:153,25,1,0
BRDA:154,26,0,0
BRDA:154,26,1,0
BRDA:165,27,0,0
BRDA:165,27,1,0
BRDA:183,28,0,0
BRDA:183,28,1,0
BRDA:195,29,0,0
BRDA:195,29,1,0
BRF:62
BRH:0
end_of_record
TN:
SF:src\app\api\site-images\route.ts
FN:13,GET
FNF:1
FNH:0
FNDA:0,GET
DA:11,0
DA:14,0
DA:15,0
DA:19,0
DA:20,0
DA:21,0
DA:24,0
DA:25,0
DA:26,0
DA:29,0
LF:10
LH:0
BRDA:19,0,0,0
BRDA:19,0,1,0
BRDA:25,1,0,0
BRDA:25,1,1,0
BRDA:26,2,0,0
BRDA:26,2,1,0
BRF:6
BRH:0
end_of_record
TN:
SF:src\hooks\useAuth.ts
FN:7,useAuth
FN:12,(anonymous_1)
FN:15,(anonymous_2)
FN:54,(anonymous_3)
FNF:4
FNH:0
FNDA:0,useAuth
FNDA:0,(anonymous_1)
FNDA:0,(anonymous_2)
FNDA:0,(anonymous_3)
DA:1,0
DA:8,0
DA:9,0
DA:10,0
DA:12,0
DA:13,0
DA:15,0
DA:16,0
DA:17,0
DA:18,0
DA:19,0
DA:20,0
DA:21,0
DA:23,0
DA:26,0
DA:32,0
DA:33,0
DA:34,0
DA:35,0
DA:37,0
DA:40,0
DA:41,0
DA:42,0
DA:45,0
DA:46,0
DA:47,0
DA:50,0
DA:54,0
DA:55,0
DA:59,0
LF:30
LH:0
BRDA:18,0,0,0
BRDA:18,0,1,0
BRDA:19,1,0,0
BRDA:19,1,1,0
BRDA:32,2,0,0
BRDA:32,2,1,0
BRDA:32,3,0,0
BRDA:32,3,1,0
BRDA:33,4,0,0
BRDA:33,4,1,0
BRDA:40,5,0,0
BRDA:40,5,1,0
BRDA:42,6,0,0
BRDA:42,6,1,0
BRDA:45,7,0,0
BRDA:45,7,1,0
BRDA:50,8,0,0
BRDA:50,8,1,0
BRF:18
BRH:0
end_of_record
TN:
SF:src\lib\auth.ts
FN:6,normalizePhone
FN:19,verifyTelegramAuth
FN:40,(anonymous_2)
FN:58,createSession
FN:66,getSessionToken
FN:71,verifySessionToken
FN:95,getTelegramIdFromSession
FN:106,base64UrlToBuffer
FN:112,base64UrlEncodeJson
FN:120,base64UrlEncodeBuffer
FN:132,hashPassword
FN:138,verifyPassword
FN:152,signPodryadSession
FN:176,getSession
FN:228,getViewerSession
FN:243,getWorkerActor
FN:271,signConfirmationToken
FN:300,verifyConfirmationToken
FNF:18
FNH:8
FNDA:5,normalizePhone
FNDA:0,verifyTelegramAuth
FNDA:0,(anonymous_2)
FNDA:0,createSession
FNDA:0,getSessionToken
FNDA:0,verifySessionToken
FNDA:0,getTelegramIdFromSession
FNDA:11,base64UrlToBuffer
FNDA:10,base64UrlEncodeJson
FNDA:5,base64UrlEncodeBuffer
FNDA:4,hashPassword
FNDA:6,verifyPassword
FNDA:0,signPodryadSession
FNDA:0,getSession
FNDA:0,getViewerSession
FNDA:0,getWorkerActor
FNDA:5,signConfirmationToken
FNDA:6,verifyConfirmationToken
DA:7,5
DA:8,5
DA:9,4
DA:10,3
DA:11,1
DA:14,2
DA:15,2
DA:16,2
DA:17,2
DA:28,0
DA:29,0
DA:31,0
DA:34,0
DA:35,0
DA:38,0
DA:40,0
DA:43,0
DA:44,0
DA:48,0
DA:49,0
DA:50,0
DA:51,0
DA:52,0
DA:54,0
DA:59,0
DA:60,0
DA:61,0
DA:62,0
DA:63,0
DA:67,0
DA:68,0
DA:72,0
DA:73,0
DA:75,0
DA:76,0
DA:77,0
DA:78,0
DA:79,0
DA:81,0
DA:82,0
DA:83,0
DA:86,0
DA:89,0
DA:90,0
DA:92,0
DA:96,0
DA:97,0
DA:98,0
DA:107,11
DA:108,11
DA:109,11
DA:113,10
DA:121,5
DA:128,2
DA:129,2
DA:133,4
DA:134,4
DA:135,4
DA:139,6
DA:140,6
DA:141,4
DA:142,4
DA:143,4
DA:144,4
DA:145,4
DA:147,0
DA:157,0
DA:158,0
DA:159,0
DA:162,0
DA:163,0
DA:164,0
DA:169,0
DA:170,0
DA:171,0
DA:172,0
DA:177,0
DA:178,0
DA:179,0
DA:181,0
DA:182,0
DA:184,0
DA:185,0
DA:186,0
DA:188,0
DA:189,0
DA:192,0
DA:193,0
DA:195,0
DA:197,0
DA:198,0
DA:199,0
DA:201,0
DA:205,0
DA:206,0
DA:208,0
DA:211,0
DA:212,0
DA:215,0
DA:216,0
DA:217,0
DA:219,0
DA:229,0
DA:230,0
DA:231,0
DA:233,0
DA:234,0
DA:235,0
DA:236,0
DA:244,0
DA:245,0
DA:246,0
DA:247,0
DA:249,0
DA:250,0
DA:251,0
DA:252,0
DA:253,0
DA:276,5
DA:277,5
DA:278,0
DA:281,5
DA:282,5
DA:283,5
DA:290,5
DA:291,5
DA:292,5
DA:301,6
DA:302,6
DA:304,6
DA:305,6
DA:306,6
DA:308,6
DA:309,6
DA:312,6
DA:313,6
DA:315,0
DA:317,6
DA:318,6
DA:319,6
DA:321,0
DA:325,5
DA:326,5
DA:328,0
DA:332,5
DA:335,4
DA:338,3
DA:339,3
DA:341,3
LF:149
LH:53
BRDA:8,0,0,1
BRDA:8,0,1,4
BRDA:9,1,0,1
BRDA:9,1,1,3
BRDA:9,2,0,4
BRDA:9,2,1,3
BRDA:10,3,0,2
BRDA:10,3,1,1
BRDA:10,4,0,3
BRDA:10,4,1,2
BRDA:29,5,0,0
BRDA:29,5,1,0
BRDA:34,6,0,0
BRDA:34,6,1,0
BRDA:51,7,0,0
BRDA:51,7,1,0
BRDA:59,8,0,0
BRDA:59,8,1,0
BRDA:60,9,0,0
BRDA:60,9,1,0
BRDA:68,10,0,0
BRDA:68,10,1,0
BRDA:73,11,0,0
BRDA:73,11,1,0
BRDA:76,12,0,0
BRDA:76,12,1,0
BRDA:77,13,0,0
BRDA:77,13,1,0
BRDA:82,14,0,0
BRDA:82,14,1,0
BRDA:90,15,0,0
BRDA:90,15,1,0
BRDA:97,16,0,0
BRDA:97,16,1,0
BRDA:107,17,0,0
BRDA:107,17,1,11
BRDA:140,18,0,2
BRDA:140,18,1,4
BRDA:140,19,0,6
BRDA:140,19,1,5
BRDA:157,20,0,0
BRDA:157,20,1,0
BRDA:158,21,0,0
BRDA:158,21,1,0
BRDA:162,22,0,0
BRDA:162,22,1,0
BRDA:179,23,0,0
BRDA:179,23,1,0
BRDA:182,24,0,0
BRDA:182,24,1,0
BRDA:185,25,0,0
BRDA:185,25,1,0
BRDA:186,26,0,0
BRDA:186,26,1,0
BRDA:197,27,0,0
BRDA:197,27,1,0
BRDA:199,28,0,0
BRDA:199,28,1,0
BRDA:211,29,0,0
BRDA:211,29,1,0
BRDA:211,30,0,0
BRDA:211,30,1,0
BRDA:212,31,0,0
BRDA:212,31,1,0
BRDA:215,32,0,0
BRDA:215,32,1,0
BRDA:216,33,0,0
BRDA:216,33,1,0
BRDA:216,34,0,0
BRDA:216,34,1,0
BRDA:217,35,0,0
BRDA:217,35,1,0
BRDA:217,36,0,0
BRDA:217,36,1,0
BRDA:230,37,0,0
BRDA:230,37,1,0
BRDA:234,38,0,0
BRDA:234,38,1,0
BRDA:238,39,0,0
BRDA:238,39,1,0
BRDA:245,40,0,0
BRDA:245,40,1,0
BRDA:246,41,0,0
BRDA:246,41,1,0
BRDA:250,42,0,0
BRDA:250,42,1,0
BRDA:252,43,0,0
BRDA:252,43,1,0
BRDA:276,44,0,5
BRDA:276,44,1,0
BRDA:277,45,0,0
BRDA:277,45,1,5
BRDA:302,46,0,0
BRDA:302,46,1,6
BRDA:305,47,0,6
BRDA:305,47,1,0
BRDA:306,48,0,0
BRDA:306,48,1,6
BRDA:317,49,0,0
BRDA:317,49,1,6
BRDA:319,50,0,1
BRDA:319,50,1,5
BRDA:332,51,0,1
BRDA:332,51,1,4
BRDA:335,52,0,1
BRDA:335,52,1,3
BRDA:335,53,0,4
BRDA:335,53,1,4
BRDA:338,54,0,0
BRDA:338,54,1,3
BRDA:338,55,0,3
BRDA:338,55,1,3
BRDA:338,55,2,3
BRDA:339,56,0,0
BRDA:339,56,1,3
BRDA:339,57,0,3
BRDA:339,57,1,1
BRF:117
BRH:36
end_of_record
TN:
SF:src\lib\customerAuth.ts
FN:33,hashPassword
FN:37,verifyPassword
FN:41,createSessionToken
FN:50,verifySessionToken
FN:64,setSessionCookie
FN:75,clearSessionCookie
FN:80,getSessionFromCookies
FN:87,getCustomerProfile
FNF:8
FNH:0
FNDA:0,hashPassword
FNDA:0,verifyPassword
FNDA:0,createSessionToken
FNDA:0,verifySessionToken
FNDA:0,setSessionCookie
FNDA:0,clearSessionCookie
FNDA:0,getSessionFromCookies
FNDA:0,getCustomerProfile
DA:6,0
DA:9,0
DA:10,0
DA:12,0
DA:13,0
DA:34,0
DA:38,0
DA:42,0
DA:51,0
DA:52,0
DA:53,0
DA:54,0
DA:60,0
DA:65,0
DA:66,0
DA:76,0
DA:77,0
DA:81,0
DA:82,0
DA:83,0
DA:84,0
DA:88,0
DA:89,0
DA:94,0
DA:95,0
LF:25
LH:0
BRDA:9,0,0,0
BRDA:9,0,1,0
BRDA:53,1,0,0
BRDA:53,1,1,0
BRDA:53,2,0,0
BRDA:53,2,1,0
BRDA:57,3,0,0
BRDA:57,3,1,0
BRDA:83,4,0,0
BRDA:83,4,1,0
BRDA:94,5,0,0
BRDA:94,5,1,0
BRDA:94,6,0,0
BRDA:94,6,1,0
BRF:14
BRH:0
end_of_record
TN:
SF:src\lib\db.ts
FN:4,(anonymous_0)
FN:7,orderFromDb
FN:52,getActiveOrders
FN:62,getOrderById
FN:72,getOrdersByCustomer
FN:82,getOrdersByExecutor
FN:92,createOrder
FN:102,updateOrder
FN:112,getRates
FN:121,getRateByWorkType
FN:133,findUserByPhone
FN:143,findUserByEmail
FN:153,createUser
FN:175,updateUserLastLogin
FN:184,getWorkerByTelegramId
FN:200,getWorkerStats
FN:226,getWorkerByPhone
FN:236,getTopWorkers
FN:244,(anonymous_18)
FN:251,createWorkerProfile
FN:271,updateWorker
FN:280,getWorkerByUserId
FN:311,validateWorkerAccess
FN:327,atomicClaimOrder
FN:340,getEquipment
FN:348,getEquipmentById
FN:358,updateEquipmentStatus
FN:368,createRental
FN:378,getRentalById
FN:388,updateRental
FN:398,createPaymentRecord
FN:407,createMaterialRequest
FN:416,getMarketplaceCategories
FN:425,getListings
FN:451,getListingById
FN:466,getListingsBySupplier
FN:479,createListing
FN:489,updateListing
FN:497,deactivateListing
FN:505,getSupplierById
FN:516,getPublicListingsBySupplier
FN:527,getSupplierByPhone
FN:538,createSupplier
FN:555,logContactRequest
FN:572,getBestPriceByCategory
FN:588,getSupplierStats
FN:598,(anonymous_46)
FN:599,(anonymous_47)
FN:600,(anonymous_48)
FN:606,createDispute
FN:621,getDisputesByOrder
FN:631,updateDispute
FN:644,createContractor
FN:696,getContractors
FN:705,getContractorById
FN:715,updateContractor
FN:725,getOrCreateCustomerToken
FN:746,getCustomerByToken
FN:756,getOrdersByCustomerPhone
FNF:59
FNH:2
FNDA:0,(anonymous_0)
FNDA:3,orderFromDb
FNDA:0,getActiveOrders
FNDA:0,getOrderById
FNDA:0,getOrdersByCustomer
FNDA:0,getOrdersByExecutor
FNDA:0,createOrder
FNDA:0,updateOrder
FNDA:0,getRates
FNDA:0,getRateByWorkType
FNDA:0,findUserByPhone
FNDA:0,findUserByEmail
FNDA:0,createUser
FNDA:0,updateUserLastLogin
FNDA:0,getWorkerByTelegramId
FNDA:0,getWorkerStats
FNDA:0,getWorkerByPhone
FNDA:0,getTopWorkers
FNDA:0,(anonymous_18)
FNDA:0,createWorkerProfile
FNDA:0,updateWorker
FNDA:0,getWorkerByUserId
FNDA:5,validateWorkerAccess
FNDA:0,atomicClaimOrder
FNDA:0,getEquipment
FNDA:0,getEquipmentById
FNDA:0,updateEquipmentStatus
FNDA:0,createRental
FNDA:0,getRentalById
FNDA:0,updateRental
FNDA:0,createPaymentRecord
FNDA:0,createMaterialRequest
FNDA:0,getMarketplaceCategories
FNDA:0,getListings
FNDA:0,getListingById
FNDA:0,getListingsBySupplier
FNDA:0,createListing
FNDA:0,updateListing
FNDA:0,deactivateListing
FNDA:0,getSupplierById
FNDA:0,getPublicListingsBySupplier
FNDA:0,getSupplierByPhone
FNDA:0,createSupplier
FNDA:0,logContactRequest
FNDA:0,getBestPriceByCategory
FNDA:0,getSupplierStats
FNDA:0,(anonymous_46)
FNDA:0,(anonymous_47)
FNDA:0,(anonymous_48)
FNDA:0,createDispute
FNDA:0,getDisputesByOrder
FNDA:0,updateDispute
FNDA:0,createContractor
FNDA:0,getContractors
FNDA:0,getContractorById
FNDA:0,updateContractor
FNDA:0,getOrCreateCustomerToken
FNDA:0,getCustomerByToken
FNDA:0,getOrdersByCustomerPhone
DA:4,0
DA:8,3
DA:9,3
DA:10,3
DA:53,0
DA:58,0
DA:59,0
DA:63,0
DA:68,0
DA:69,0
DA:73,0
DA:78,0
DA:79,0
DA:83,0
DA:88,0
DA:89,0
DA:93,0
DA:98,0
DA:99,0
DA:103,0
DA:107,0
DA:113,0
DA:117,0
DA:118,0
DA:122,0
DA:127,0
DA:128,0
DA:134,0
DA:139,0
DA:140,0
DA:144,0
DA:149,0
DA:150,0
DA:163,0
DA:171,0
DA:172,0
DA:176,0
DA:185,0
DA:190,0
DA:191,0
DA:201,0
DA:206,0
DA:208,0
DA:209,0
DA:210,0
DA:212,0
DA:213,0
DA:214,0
DA:215,0
DA:216,0
DA:217,0
DA:218,0
DA:219,0
DA:223,0
DA:227,0
DA:232,0
DA:233,0
DA:237,0
DA:243,0
DA:244,0
DA:245,0
DA:246,0
DA:257,0
DA:268,0
DA:272,0
DA:276,0
DA:282,0
DA:287,0
DA:290,0
DA:291,0
DA:292,0
DA:297,0
DA:299,0
DA:304,0
DA:307,0
DA:312,5
DA:313,4
DA:314,1
DA:316,3
DA:317,5
DA:318,1
DA:320,2
DA:328,0
DA:334,0
DA:335,0
DA:341,0
DA:342,0
DA:343,0
DA:344,0
DA:345,0
DA:349,0
DA:354,0
DA:355,0
DA:359,0
DA:363,0
DA:369,0
DA:374,0
DA:375,0
DA:379,0
DA:384,0
DA:385,0
DA:389,0
DA:393,0
DA:399,0
DA:402,0
DA:408,0
DA:411,0
DA:417,0
DA:421,0
DA:422,0
DA:430,0
DA:440,0
DA:441,0
DA:442,0
DA:443,0
DA:446,0
DA:447,0
DA:448,0
DA:452,0
DA:462,0
DA:463,0
DA:467,0
DA:475,0
DA:476,0
DA:480,0
DA:485,0
DA:486,0
DA:490,0
DA:494,0
DA:498,0
DA:502,0
DA:506,0
DA:512,0
DA:513,0
DA:517,0
DA:523,0
DA:524,0
DA:528,0
DA:534,0
DA:535,0
DA:546,0
DA:551,0
DA:552,0
DA:556,0
DA:561,0
DA:563,0
DA:569,0
DA:573,0
DA:581,0
DA:583,0
DA:584,0
DA:585,0
DA:589,0
DA:593,0
DA:595,0
DA:596,0
DA:598,0
DA:599,0
DA:600,0
DA:612,0
DA:617,0
DA:618,0
DA:622,0
DA:627,0
DA:628,0
DA:635,0
DA:639,0
DA:666,0
DA:692,0
DA:693,0
DA:697,0
DA:701,0
DA:702,0
DA:706,0
DA:711,0
DA:712,0
DA:716,0
DA:720,0
DA:726,0
DA:732,0
DA:734,0
DA:742,0
DA:743,0
DA:747,0
DA:752,0
DA:753,0
DA:757,0
DA:762,0
DA:763,0
LF:189
LH:10
BRDA:9,0,0,1
BRDA:9,0,1,2
BRDA:9,1,0,3
BRDA:9,1,1,1
BRDA:12,2,0,3
BRDA:12,2,1,2
BRDA:13,3,0,3
BRDA:13,3,1,2
BRDA:14,4,0,3
BRDA:14,4,1,2
BRDA:15,5,0,3
BRDA:15,5,1,2
BRDA:16,6,0,3
BRDA:16,6,1,2
BRDA:17,7,0,3
BRDA:17,7,1,2
BRDA:18,8,0,3
BRDA:18,8,1,2
BRDA:19,9,0,3
BRDA:19,9,1,2
BRDA:20,10,0,3
BRDA:20,10,1,2
BRDA:21,11,0,3
BRDA:21,11,1,2
BRDA:22,12,0,1
BRDA:22,12,1,2
BRDA:24,13,0,0
BRDA:24,13,1,3
BRDA:25,14,0,0
BRDA:25,14,1,3
BRDA:26,15,0,1
BRDA:26,15,1,2
BRDA:27,16,0,1
BRDA:27,16,1,2
BRDA:28,17,0,1
BRDA:28,17,1,2
BRDA:29,18,0,1
BRDA:29,18,1,2
BRDA:30,19,0,1
BRDA:30,19,1,2
BRDA:31,20,0,1
BRDA:31,20,1,2
BRDA:32,21,0,0
BRDA:32,21,1,3
BRDA:33,22,0,0
BRDA:33,22,1,3
BRDA:35,23,0,0
BRDA:35,23,1,3
BRDA:36,24,0,0
BRDA:36,24,1,3
BRDA:37,25,0,0
BRDA:37,25,1,3
BRDA:38,26,0,0
BRDA:38,26,1,3
BRDA:39,27,0,0
BRDA:39,27,1,3
BRDA:40,28,0,0
BRDA:40,28,1,3
BRDA:41,29,0,0
BRDA:41,29,1,3
BRDA:43,30,0,0
BRDA:43,30,1,3
BRDA:44,31,0,0
BRDA:44,31,1,3
BRDA:45,32,0,0
BRDA:45,32,1,3
BRDA:46,33,0,0
BRDA:46,33,1,3
BRDA:58,34,0,0
BRDA:58,34,1,0
BRDA:59,35,0,0
BRDA:59,35,1,0
BRDA:68,36,0,0
BRDA:68,36,1,0
BRDA:78,37,0,0
BRDA:78,37,1,0
BRDA:79,38,0,0
BRDA:79,38,1,0
BRDA:88,39,0,0
BRDA:88,39,1,0
BRDA:89,40,0,0
BRDA:89,40,1,0
BRDA:98,41,0,0
BRDA:98,41,1,0
BRDA:107,42,0,0
BRDA:107,42,1,0
BRDA:117,43,0,0
BRDA:117,43,1,0
BRDA:118,44,0,0
BRDA:118,44,1,0
BRDA:127,45,0,0
BRDA:127,45,1,0
BRDA:139,46,0,0
BRDA:139,46,1,0
BRDA:149,47,0,0
BRDA:149,47,1,0
BRDA:171,48,0,0
BRDA:171,48,1,0
BRDA:190,49,0,0
BRDA:190,49,1,0
BRDA:206,50,0,0
BRDA:206,50,1,0
BRDA:212,51,0,0
BRDA:212,51,1,0
BRDA:213,52,0,0
BRDA:213,52,1,0
BRDA:214,53,0,0
BRDA:214,53,1,0
BRDA:215,54,0,0
BRDA:215,54,1,0
BRDA:218,55,0,0
BRDA:218,55,1,0
BRDA:218,56,0,0
BRDA:218,56,1,0
BRDA:232,57,0,0
BRDA:232,57,1,0
BRDA:236,58,0,0
BRDA:243,59,0,0
BRDA:243,59,1,0
BRDA:244,60,0,0
BRDA:244,60,1,0
BRDA:245,61,0,0
BRDA:245,61,1,0
BRDA:245,62,0,0
BRDA:245,62,1,0
BRDA:268,63,0,0
BRDA:268,63,1,0
BRDA:276,64,0,0
BRDA:276,64,1,0
BRDA:287,65,0,0
BRDA:287,65,1,0
BRDA:291,66,0,0
BRDA:291,66,1,0
BRDA:297,67,0,0
BRDA:297,67,1,0
BRDA:304,68,0,0
BRDA:304,68,1,0
BRDA:312,69,0,1
BRDA:312,69,1,4
BRDA:313,70,0,1
BRDA:313,70,1,3
BRDA:313,71,0,4
BRDA:313,71,1,1
BRDA:316,72,0,3
BRDA:316,72,1,0
BRDA:317,73,0,1
BRDA:317,73,1,4
BRDA:317,74,0,5
BRDA:317,74,1,3
BRDA:317,74,2,2
BRDA:334,75,0,0
BRDA:334,75,1,0
BRDA:335,76,0,0
BRDA:335,76,1,0
BRDA:342,77,0,0
BRDA:342,77,1,0
BRDA:344,78,0,0
BRDA:344,78,1,0
BRDA:345,79,0,0
BRDA:345,79,1,0
BRDA:354,80,0,0
BRDA:354,80,1,0
BRDA:363,81,0,0
BRDA:363,81,1,0
BRDA:374,82,0,0
BRDA:374,82,1,0
BRDA:384,83,0,0
BRDA:384,83,1,0
BRDA:393,84,0,0
BRDA:393,84,1,0
BRDA:402,85,0,0
BRDA:402,85,1,0
BRDA:411,86,0,0
BRDA:411,86,1,0
BRDA:421,87,0,0
BRDA:421,87,1,0
BRDA:422,88,0,0
BRDA:422,88,1,0
BRDA:440,89,0,0
BRDA:440,89,1,0
BRDA:441,90,0,0
BRDA:441,90,1,0
BRDA:441,91,0,0
BRDA:441,91,1,0
BRDA:442,92,0,0
BRDA:442,92,1,0
BRDA:447,93,0,0
BRDA:447,93,1,0
BRDA:448,94,0,0
BRDA:448,94,1,0
BRDA:462,95,0,0
BRDA:462,95,1,0
BRDA:475,96,0,0
BRDA:475,96,1,0
BRDA:476,97,0,0
BRDA:476,97,1,0
BRDA:485,98,0,0
BRDA:485,98,1,0
BRDA:494,99,0,0
BRDA:494,99,1,0
BRDA:502,100,0,0
BRDA:502,100,1,0
BRDA:512,101,0,0
BRDA:512,101,1,0
BRDA:523,102,0,0
BRDA:523,102,1,0
BRDA:524,103,0,0
BRDA:524,103,1,0
BRDA:534,104,0,0
BRDA:534,104,1,0
BRDA:551,105,0,0
BRDA:551,105,1,0
BRDA:561,106,0,0
BRDA:561,106,1,0
BRDA:566,107,0,0
BRDA:566,107,1,0
BRDA:581,108,0,0
BRDA:581,108,1,0
BRDA:581,109,0,0
BRDA:581,109,1,0
BRDA:584,110,0,0
BRDA:584,110,1,0
BRDA:585,111,0,0
BRDA:585,111,1,0
BRDA:593,112,0,0
BRDA:593,112,1,0
BRDA:595,113,0,0
BRDA:595,113,1,0
BRDA:599,114,0,0
BRDA:599,114,1,0
BRDA:600,115,0,0
BRDA:600,115,1,0
BRDA:617,116,0,0
BRDA:617,116,1,0
BRDA:627,117,0,0
BRDA:627,117,1,0
BRDA:628,118,0,0
BRDA:628,118,1,0
BRDA:639,119,0,0
BRDA:639,119,1,0
BRDA:671,120,0,0
BRDA:671,120,1,0
BRDA:673,121,0,0
BRDA:673,121,1,0
BRDA:674,122,0,0
BRDA:674,122,1,0
BRDA:675,123,0,0
BRDA:675,123,1,0
BRDA:676,124,0,0
BRDA:676,124,1,0
BRDA:677,125,0,0
BRDA:677,125,1,0
BRDA:678,126,0,0
BRDA:678,126,1,0
BRDA:679,127,0,0
BRDA:679,127,1,0
BRDA:680,128,0,0
BRDA:680,128,1,0
BRDA:681,129,0,0
BRDA:681,129,1,0
BRDA:682,130,0,0
BRDA:682,130,1,0
BRDA:683,131,0,0
BRDA:683,131,1,0
BRDA:684,132,0,0
BRDA:684,132,1,0
BRDA:685,133,0,0
BRDA:685,133,1,0
BRDA:686,134,0,0
BRDA:686,134,1,0
BRDA:687,135,0,0
BRDA:687,135,1,0
BRDA:688,136,0,0
BRDA:688,136,1,0
BRDA:692,137,0,0
BRDA:692,137,1,0
BRDA:701,138,0,0
BRDA:701,138,1,0
BRDA:702,139,0,0
BRDA:702,139,1,0
BRDA:711,140,0,0
BRDA:711,140,1,0
BRDA:720,141,0,0
BRDA:720,141,1,0
BRDA:732,142,0,0
BRDA:732,142,1,0
BRDA:738,143,0,0
BRDA:738,143,1,0
BRDA:742,144,0,0
BRDA:742,144,1,0
BRDA:752,145,0,0
BRDA:752,145,1,0
BRDA:762,146,0,0
BRDA:762,146,1,0
BRDA:763,147,0,0
BRDA:763,147,1,0
BRF:296
BRH:65
end_of_record
TN:
SF:src\lib\equipment.ts
FNF:0
FNH:0
DA:15,0
DA:24,0
DA:410,0
DA:411,0
LF:4
LH:0
BRF:0
BRH:0
end_of_record
TN:
SF:src\lib\job-queue.ts
FN:51,toJobRow
FN:77,enqueueJob
FN:121,claimJobs
FN:136,completeJob
FN:156,getRetryDelayMs
FN:161,failJob
FNF:6
FNH:4
FNDA:1,toJobRow
FNDA:1,enqueueJob
FNDA:0,claimJobs
FNDA:0,completeJob
FNDA:8,getRetryDelayMs
FNDA:4,failJob
DA:52,1
DA:78,1
DA:79,1
DA:96,1
DA:97,0
DA:105,0
DA:106,0
DA:109,0
DA:110,0
DA:114,1
DA:115,0
DA:118,1
DA:122,0
DA:129,0
DA:130,0
DA:133,0
DA:137,0
DA:151,0
DA:152,0
DA:157,8
DA:158,8
DA:162,4
DA:163,4
DA:165,4
DA:185,4
DA:186,0
DA:189,4
LF:27
LH:13
BRDA:53,0,0,1
BRDA:53,0,1,0
BRDA:54,1,0,1
BRDA:54,1,1,1
BRDA:55,2,0,1
BRDA:55,2,1,0
BRDA:56,3,0,1
BRDA:56,3,1,1
BRDA:57,4,0,1
BRDA:57,4,1,1
BRDA:58,5,0,1
BRDA:58,5,1,1
BRDA:59,6,0,1
BRDA:59,6,1,1
BRDA:60,7,0,1
BRDA:60,7,1,1
BRDA:61,8,0,1
BRDA:61,8,1,1
BRDA:62,9,0,0
BRDA:62,9,1,1
BRDA:63,10,0,0
BRDA:63,10,1,1
BRDA:64,11,0,0
BRDA:64,11,1,1
BRDA:65,12,0,0
BRDA:65,12,1,1
BRDA:66,13,0,0
BRDA:66,13,1,1
BRDA:67,14,0,1
BRDA:67,14,1,1
BRDA:68,15,0,0
BRDA:68,15,1,1
BRDA:69,16,0,0
BRDA:69,16,1,1
BRDA:70,17,0,0
BRDA:70,17,1,1
BRDA:71,18,0,0
BRDA:71,18,1,1
BRDA:72,19,0,0
BRDA:72,19,1,1
BRDA:73,20,0,0
BRDA:73,20,1,1
BRDA:85,21,0,1
BRDA:85,21,1,1
BRDA:86,22,0,1
BRDA:86,22,1,1
BRDA:87,23,0,1
BRDA:87,23,1,1
BRDA:88,24,0,1
BRDA:88,24,1,1
BRDA:89,25,0,1
BRDA:89,25,1,0
BRDA:90,26,0,1
BRDA:90,26,1,0
BRDA:91,27,0,1
BRDA:91,27,1,1
BRDA:96,28,0,0
BRDA:96,28,1,1
BRDA:96,29,0,1
BRDA:96,29,1,0
BRDA:105,30,0,0
BRDA:105,30,1,0
BRDA:109,31,0,0
BRDA:109,31,1,0
BRDA:114,32,0,0
BRDA:114,32,1,1
BRDA:118,33,0,1
BRDA:118,33,1,0
BRDA:124,34,0,0
BRDA:124,34,1,0
BRDA:125,35,0,0
BRDA:125,35,1,0
BRDA:126,36,0,0
BRDA:126,36,1,0
BRDA:129,37,0,0
BRDA:129,37,1,0
BRDA:133,38,0,0
BRDA:133,38,1,0
BRDA:141,39,0,0
BRDA:141,39,1,0
BRDA:151,40,0,0
BRDA:151,40,1,0
BRDA:167,41,0,2
BRDA:167,41,1,2
BRDA:185,42,0,0
BRDA:185,42,1,4
BRDA:189,43,0,2
BRDA:189,43,1,2
BRF:88
BRH:50
end_of_record
TN:
SF:src\lib\job-worker.ts
FN:24,asString
FN:28,formatAmount
FN:34,workTypeLabel
FN:39,getAdminTelegramChatId
FN:43,getAdminMessages
FN:71,sendOrThrow
FN:73,(anonymous_6)
FN:74,(anonymous_7)
FN:76,(anonymous_8)
FN:81,buildDisputeOpenedText
FN:87,buildDisputeResolvedText
FN:92,buildPaymentHeldText
FN:96,buildPayoutText
FN:100,buildOrderCreatedText
FN:105,buildLeadCreatedText
FN:115,buildExecutorResponseText
FN:122,buildContractorRegisteredText
FN:130,getAppUrl
FN:134,buildDashboardLinkMessage
FN:146,buildInvoiceMessage
FN:159,buildProspectStageText
FN:180,buildNurtureCustomerText
FN:198,buildNurtureAdminReminderText
FN:215,handleNurtureStep
FN:247,handleDailyAnalyticsReport
FN:275,(anonymous_25)
FN:276,(anonymous_26)
FN:277,(anonymous_27)
FN:278,(anonymous_28)
FN:283,(anonymous_29)
FN:314,buildCrosspostText
FN:325,crosspostPaidOrdersToMax
FN:368,buildPaymentLinkMessage
FN:389,handleAdminBroadcast
FN:394,handleJob
FN:488,processClaimedJobs
FNF:36
FNH:15
FNDA:33,asString
FNDA:3,formatAmount
FNDA:1,workTypeLabel
FNDA:5,getAdminTelegramChatId
FNDA:2,getAdminMessages
FNDA:6,sendOrThrow
FNDA:8,(anonymous_6)
FNDA:8,(anonymous_7)
FNDA:0,(anonymous_8)
FNDA:1,buildDisputeOpenedText
FNDA:0,buildDisputeResolvedText
FNDA:1,buildPaymentHeldText
FNDA:0,buildPayoutText
FNDA:0,buildOrderCreatedText
FNDA:0,buildLeadCreatedText
FNDA:0,buildExecutorResponseText
FNDA:0,buildContractorRegisteredText
FNDA:7,getAppUrl
FNDA:0,buildDashboardLinkMessage
FNDA:0,buildInvoiceMessage
FNDA:0,buildProspectStageText
FNDA:0,buildNurtureCustomerText
FNDA:0,buildNurtureAdminReminderText
FNDA:0,handleNurtureStep
FNDA:0,handleDailyAnalyticsReport
FNDA:0,(anonymous_25)
FNDA:0,(anonymous_26)
FNDA:0,(anonymous_27)
FNDA:0,(anonymous_28)
FNDA:0,(anonymous_29)
FNDA:0,buildCrosspostText
FNDA:0,crosspostPaidOrdersToMax
FNDA:4,buildPaymentLinkMessage
FNDA:2,handleAdminBroadcast
FNDA:8,handleJob
FNDA:1,processClaimedJobs
DA:6,1
DA:14,1
DA:19,1
DA:25,33
DA:29,3
DA:35,1
DA:36,1
DA:40,5
DA:44,2
DA:45,2
DA:46,2
DA:48,2
DA:49,2
DA:56,2
DA:57,2
DA:64,2
DA:65,0
DA:68,2
DA:72,6
DA:73,8
DA:74,8
DA:75,6
DA:76,0
DA:78,6
DA:82,1
DA:83,1
DA:84,1
DA:88,0
DA:89,0
DA:93,1
DA:97,0
DA:101,0
DA:102,0
DA:106,0
DA:107,0
DA:108,0
DA:109,0
DA:110,0
DA:111,0
DA:112,0
DA:116,0
DA:117,0
DA:118,0
DA:119,0
DA:123,0
DA:126,0
DA:127,0
DA:131,7
DA:135,0
DA:136,0
DA:137,0
DA:138,0
DA:139,0
DA:140,0
DA:141,0
DA:142,0
DA:143,0
DA:147,0
DA:148,0
DA:149,0
DA:150,0
DA:151,0
DA:152,0
DA:153,0
DA:154,0
DA:155,0
DA:156,0
DA:160,0
DA:161,0
DA:162,0
DA:163,0
DA:165,0
DA:166,0
DA:173,1
DA:181,0
DA:182,0
DA:183,0
DA:184,0
DA:186,0
DA:188,0
DA:190,0
DA:192,0
DA:194,0
DA:199,0
DA:200,0
DA:201,0
DA:202,0
DA:203,0
DA:204,0
DA:205,0
DA:211,0
DA:212,0
DA:216,0
DA:217,0
DA:220,0
DA:221,0
DA:227,0
DA:228,0
DA:230,0
DA:231,0
DA:232,0
DA:233,0
DA:234,0
DA:238,0
DA:239,0
DA:240,0
DA:248,0
DA:249,0
DA:250,0
DA:251,0
DA:253,0
DA:270,0
DA:271,0
DA:272,0
DA:274,0
DA:275,0
DA:276,0
DA:277,0
DA:278,0
DA:282,0
DA:283,0
DA:284,0
DA:285,0
DA:286,0
DA:288,0
DA:290,0
DA:294,0
DA:296,0
DA:306,0
DA:307,0
DA:315,0
DA:316,0
DA:317,0
DA:318,0
DA:319,0
DA:320,0
DA:321,0
DA:322,0
DA:326,0
DA:327,0
DA:328,0
DA:331,0
DA:332,0
DA:340,0
DA:341,0
DA:343,0
DA:344,0
DA:345,0
DA:347,0
DA:348,0
DA:349,0
DA:350,0
DA:351,0
DA:352,0
DA:356,0
DA:358,0
DA:361,0
DA:365,0
DA:369,4
DA:370,4
DA:371,4
DA:372,4
DA:373,4
DA:374,4
DA:375,4
DA:376,4
DA:378,4
DA:379,0
DA:382,4
DA:383,1
DA:386,3
DA:390,2
DA:391,2
DA:395,8
DA:397,0
DA:400,0
DA:403,0
DA:406,0
DA:409,0
DA:412,0
DA:413,0
DA:414,0
DA:415,0
DA:417,0
DA:418,0
DA:419,0
DA:420,0
DA:421,0
DA:422,0
DA:423,0
DA:424,0
DA:425,0
DA:429,0
DA:430,0
DA:431,0
DA:432,0
DA:434,0
DA:435,0
DA:436,0
DA:437,0
DA:438,0
DA:439,0
DA:440,0
DA:441,0
DA:442,0
DA:446,1
DA:449,0
DA:452,1
DA:455,0
DA:458,0
DA:461,0
DA:464,4
DA:465,4
DA:466,1
DA:467,1
DA:470,3
DA:471,3
DA:472,0
DA:475,3
DA:476,3
DA:477,3
DA:478,4
DA:479,4
DA:480,3
DA:484,2
DA:489,1
DA:490,1
DA:491,1
DA:492,1
DA:494,1
DA:495,2
DA:496,2
DA:497,0
DA:498,0
DA:500,2
DA:501,2
DA:502,2
DA:503,2
DA:504,1
DA:506,1
DA:511,1
LF:241
LH:72
BRDA:24,0,0,33
BRDA:25,1,0,1
BRDA:25,1,1,32
BRDA:28,2,0,3
BRDA:29,3,0,3
BRDA:29,3,1,0
BRDA:29,4,0,3
BRDA:29,4,1,3
BRDA:36,5,0,1
BRDA:36,5,1,0
BRDA:36,5,2,0
BRDA:40,6,0,5
BRDA:40,6,1,0
BRDA:40,6,2,0
BRDA:48,7,0,2
BRDA:48,7,1,0
BRDA:56,8,0,2
BRDA:56,8,1,0
BRDA:64,9,0,0
BRDA:64,9,1,2
BRDA:75,10,0,0
BRDA:75,10,1,6
BRDA:76,11,0,0
BRDA:76,11,1,0
BRDA:83,12,0,1
BRDA:83,12,1,0
BRDA:84,13,0,1
BRDA:84,13,1,0
BRDA:89,14,0,0
BRDA:89,14,1,0
BRDA:89,14,2,0
BRDA:101,15,0,0
BRDA:101,15,1,0
BRDA:106,16,0,0
BRDA:106,16,1,0
BRDA:109,17,0,0
BRDA:109,17,1,0
BRDA:110,18,0,0
BRDA:110,18,1,0
BRDA:110,18,2,0
BRDA:111,19,0,0
BRDA:111,19,1,0
BRDA:111,19,2,0
BRDA:117,20,0,0
BRDA:117,20,1,0
BRDA:118,21,0,0
BRDA:118,21,1,0
BRDA:123,22,0,0
BRDA:123,22,1,0
BRDA:126,23,0,0
BRDA:126,23,1,0
BRDA:126,24,0,0
BRDA:126,24,1,0
BRDA:131,25,0,7
BRDA:131,25,1,7
BRDA:139,26,0,0
BRDA:139,26,1,0
BRDA:141,27,0,0
BRDA:141,27,1,0
BRDA:141,28,0,0
BRDA:141,28,1,0
BRDA:142,29,0,0
BRDA:142,29,1,0
BRDA:142,30,0,0
BRDA:142,30,1,0
BRDA:149,31,0,0
BRDA:149,31,1,0
BRDA:150,32,0,0
BRDA:150,32,1,0
BRDA:151,33,0,0
BRDA:151,33,1,0
BRDA:151,33,2,0
BRDA:152,34,0,0
BRDA:152,34,1,0
BRDA:154,35,0,0
BRDA:154,35,1,0
BRDA:154,36,0,0
BRDA:154,36,1,0
BRDA:155,37,0,0
BRDA:155,37,1,0
BRDA:155,38,0,0
BRDA:155,38,1,0
BRDA:161,39,0,0
BRDA:161,39,1,0
BRDA:162,40,0,0
BRDA:162,40,1,0
BRDA:184,41,0,0
BRDA:184,41,1,0
BRDA:184,41,2,0
BRDA:184,41,3,0
BRDA:184,41,4,0
BRDA:200,42,0,0
BRDA:200,42,1,0
BRDA:204,43,0,0
BRDA:204,43,1,0
BRDA:211,44,0,0
BRDA:211,44,1,0
BRDA:217,45,0,0
BRDA:217,45,1,0
BRDA:228,46,0,0
BRDA:228,46,1,0
BRDA:230,47,0,0
BRDA:230,47,1,0
BRDA:230,48,0,0
BRDA:230,48,1,0
BRDA:230,48,2,0
BRDA:232,49,0,0
BRDA:232,49,1,0
BRDA:270,50,0,0
BRDA:270,50,1,0
BRDA:271,51,0,0
BRDA:271,51,1,0
BRDA:272,52,0,0
BRDA:272,52,1,0
BRDA:276,53,0,0
BRDA:276,53,1,0
BRDA:277,54,0,0
BRDA:277,54,1,0
BRDA:278,55,0,0
BRDA:278,55,1,0
BRDA:282,56,0,0
BRDA:282,56,1,0
BRDA:284,57,0,0
BRDA:284,57,1,0
BRDA:285,58,0,0
BRDA:285,58,1,0
BRDA:286,59,0,0
BRDA:286,59,1,0
BRDA:290,60,0,0
BRDA:290,60,1,0
BRDA:294,61,0,0
BRDA:294,61,1,0
BRDA:317,62,0,0
BRDA:317,62,1,0
BRDA:318,63,0,0
BRDA:318,63,1,0
BRDA:319,64,0,0
BRDA:319,64,1,0
BRDA:320,65,0,0
BRDA:320,65,1,0
BRDA:325,66,0,0
BRDA:327,67,0,0
BRDA:327,67,1,0
BRDA:340,68,0,0
BRDA:340,68,1,0
BRDA:341,69,0,0
BRDA:341,69,1,0
BRDA:341,70,0,0
BRDA:341,70,1,0
BRDA:351,71,0,0
BRDA:351,71,1,0
BRDA:373,72,0,4
BRDA:373,72,1,0
BRDA:374,73,0,2
BRDA:374,73,1,2
BRDA:375,74,0,4
BRDA:375,74,1,0
BRDA:378,75,0,0
BRDA:378,75,1,4
BRDA:378,76,0,4
BRDA:378,76,1,1
BRDA:382,77,0,1
BRDA:382,77,1,3
BRDA:382,78,0,4
BRDA:382,78,1,2
BRDA:395,79,0,0
BRDA:395,79,1,0
BRDA:395,79,2,0
BRDA:395,79,3,0
BRDA:395,79,4,0
BRDA:395,79,5,0
BRDA:395,79,6,0
BRDA:395,79,7,1
BRDA:395,79,8,0
BRDA:395,79,9,1
BRDA:395,79,10,0
BRDA:395,79,11,0
BRDA:395,79,12,0
BRDA:395,79,13,4
BRDA:395,79,14,2
BRDA:413,80,0,0
BRDA:413,80,1,0
BRDA:418,81,0,0
BRDA:418,81,1,0
BRDA:422,82,0,0
BRDA:422,82,1,0
BRDA:430,83,0,0
BRDA:430,83,1,0
BRDA:435,84,0,0
BRDA:435,84,1,0
BRDA:436,85,0,0
BRDA:436,85,1,0
BRDA:436,85,2,0
BRDA:438,86,0,0
BRDA:438,86,1,0
BRDA:439,87,0,0
BRDA:439,87,1,0
BRDA:465,88,0,1
BRDA:465,88,1,3
BRDA:471,89,0,0
BRDA:471,89,1,3
BRDA:477,90,0,3
BRDA:477,90,1,0
BRDA:500,91,0,2
BRDA:500,91,1,0
BRDA:503,92,0,1
BRDA:503,92,1,1
BRF:207
BRH:39
end_of_record
TN:
SF:src\lib\nominatim.ts
FN:3,geocode
FN:29,buildYandexLink
FNF:2
FNH:0
FNDA:0,geocode
FNDA:0,buildYandexLink
DA:1,0
DA:4,0
DA:5,0
DA:6,0
DA:7,0
DA:8,0
DA:9,0
DA:10,0
DA:12,0
DA:17,0
DA:18,0
DA:20,0
DA:25,0
DA:30,0
DA:31,0
LF:15
LH:0
BRDA:18,0,0,0
BRDA:18,0,1,0
BRF:2
BRH:0
end_of_record
TN:
SF:src\lib\notification-types.ts
FNF:0
FNH:0
DA:1,0
LF:1
LH:0
BRF:0
BRH:0
end_of_record
TN:
SF:src\lib\pricing.ts
FN:9,getMarkupRate
FN:56,applyMarkup
FN:91,getComboDiscountRate
FN:108,calculateOrderTotals
FN:109,(anonymous_4)
FN:115,(anonymous_5)
FN:116,(anonymous_6)
FN:118,(anonymous_7)
FNF:8
FNH:0
FNDA:0,getMarkupRate
FNDA:0,applyMarkup
FNDA:0,getComboDiscountRate
FNDA:0,calculateOrderTotals
FNDA:0,(anonymous_4)
FNDA:0,(anonymous_5)
FNDA:0,(anonymous_6)
FNDA:0,(anonymous_7)
DA:3,0
DA:15,0
DA:17,0
DA:18,0
DA:20,0
DA:21,0
DA:23,0
DA:25,0
DA:26,0
DA:31,0
DA:32,0
DA:34,0
DA:37,0
DA:38,0
DA:40,0
DA:43,0
DA:44,0
DA:45,0
DA:49,0
DA:60,0
DA:61,0
DA:92,0
DA:93,0
DA:94,0
DA:96,0
DA:97,0
DA:98,0
DA:99,0
DA:100,0
DA:109,0
DA:115,0
DA:116,0
DA:118,0
DA:119,0
DA:121,0
DA:122,0
DA:123,0
DA:124,0
DA:126,0
DA:127,0
DA:130,0
DA:131,0
DA:132,0
DA:134,0
LF:44
LH:0
BRDA:17,0,0,0
BRDA:17,0,1,0
BRDA:17,1,0,0
BRDA:17,1,1,0
BRDA:20,2,0,0
BRDA:20,2,1,0
BRDA:31,3,0,0
BRDA:31,3,1,0
BRDA:37,4,0,0
BRDA:37,4,1,0
BRDA:44,5,0,0
BRDA:44,5,1,0
BRDA:93,6,0,0
BRDA:93,6,1,0
BRDA:94,7,0,0
BRDA:94,7,1,0
BRDA:96,8,0,0
BRDA:96,8,1,0
BRDA:96,9,0,0
BRDA:96,9,1,0
BRDA:96,9,2,0
BRDA:97,10,0,0
BRDA:97,10,1,0
BRDA:97,11,0,0
BRDA:97,11,1,0
BRDA:98,12,0,0
BRDA:98,12,1,0
BRDA:98,13,0,0
BRDA:98,13,1,0
BRDA:99,14,0,0
BRDA:99,14,1,0
BRDA:99,15,0,0
BRDA:99,15,1,0
BRDA:122,16,0,0
BRDA:122,16,1,0
BRF:35
BRH:0
end_of_record
TN:
SF:src\lib\push-client.ts
FN:5,registerServiceWorker
FN:21,subscribeToPush
FN:43,unsubscribeFromPush
FN:54,getPushPermissionStatus
FN:63,urlBase64ToUint8Array
FNF:5
FNH:0
FNDA:0,registerServiceWorker
FNDA:0,subscribeToPush
FNDA:0,unsubscribeFromPush
FNDA:0,getPushPermissionStatus
FNDA:0,urlBase64ToUint8Array
DA:1,0
DA:3,0
DA:6,0
DA:7,0
DA:8,0
DA:11,0
DA:12,0
DA:13,0
DA:14,0
DA:16,0
DA:17,0
DA:22,0
DA:23,0
DA:26,0
DA:27,0
DA:29,0
DA:30,0
DA:36,0
DA:38,0
DA:39,0
DA:44,0
DA:45,0
DA:47,0
DA:48,0
DA:50,0
DA:59,0
DA:60,0
DA:64,0
DA:65,0
DA:66,0
DA:67,0
DA:68,0
DA:69,0
DA:71,0
LF:34
LH:0
BRDA:3,0,0,0
BRDA:3,0,1,0
BRDA:6,1,0,0
BRDA:6,1,1,0
BRDA:6,2,0,0
BRDA:6,2,1,0
BRDA:23,3,0,0
BRDA:23,3,1,0
BRDA:27,4,0,0
BRDA:27,4,1,0
BRDA:45,5,0,0
BRDA:45,5,1,0
BRDA:48,6,0,0
BRDA:48,6,1,0
BRDA:59,7,0,0
BRDA:59,7,1,0
BRF:16
BRH:0
end_of_record
TN:
SF:src\lib\push-subs.ts
FN:7,db
FN:15,phoneDigits
FN:30,rowToSubscription
FN:35,savePushSubscription
FN:62,findPushSubscriptions
FN:74,(anonymous_5)
FN:78,findPushSubscriptionsByPhone
FN:92,(anonymous_7)
FN:96,findPushSubscriptionsByRole
FN:108,(anonymous_9)
FN:112,listPushSubscriptionsForSend
FN:154,deactivatePushSubscription
FNF:12
FNH:0
FNDA:0,db
FNDA:0,phoneDigits
FNDA:0,rowToSubscription
FNDA:0,savePushSubscription
FNDA:0,findPushSubscriptions
FNDA:0,(anonymous_5)
FNDA:0,findPushSubscriptionsByPhone
FNDA:0,(anonymous_7)
FNDA:0,findPushSubscriptionsByRole
FNDA:0,(anonymous_9)
FNDA:0,listPushSubscriptionsForSend
FNDA:0,deactivatePushSubscription
DA:5,0
DA:8,0
DA:9,0
DA:11,0
DA:16,0
DA:31,0
DA:41,0
DA:55,0
DA:56,0
DA:57,0
DA:65,0
DA:70,0
DA:71,0
DA:72,0
DA:74,0
DA:81,0
DA:82,0
DA:83,0
DA:88,0
DA:89,0
DA:90,0
DA:92,0
DA:99,0
DA:104,0
DA:105,0
DA:106,0
DA:108,0
DA:117,0
DA:122,0
DA:123,0
DA:124,0
DA:125,0
DA:126,0
DA:127,0
DA:128,0
DA:129,0
DA:131,0
DA:134,0
DA:135,0
DA:136,0
DA:137,0
DA:140,0
DA:141,0
DA:142,0
DA:143,0
DA:144,0
DA:145,0
DA:150,0
DA:158,0
DA:163,0
DA:164,0
DA:165,0
LF:52
LH:0
BRDA:55,0,0,0
BRDA:55,0,1,0
BRDA:70,1,0,0
BRDA:70,1,1,0
BRDA:74,2,0,0
BRDA:74,2,1,0
BRDA:82,3,0,0
BRDA:82,3,1,0
BRDA:88,4,0,0
BRDA:88,4,1,0
BRDA:92,5,0,0
BRDA:92,5,1,0
BRDA:104,6,0,0
BRDA:104,6,1,0
BRDA:108,7,0,0
BRDA:108,7,1,0
BRDA:122,8,0,0
BRDA:122,8,1,0
BRDA:124,9,0,0
BRDA:124,9,1,0
BRDA:126,10,0,0
BRDA:126,10,1,0
BRDA:128,11,0,0
BRDA:128,11,1,0
BRDA:135,12,0,0
BRDA:135,12,1,0
BRDA:142,13,0,0
BRDA:142,13,1,0
BRDA:143,14,0,0
BRDA:143,14,1,0
BRDA:163,15,0,0
BRDA:163,15,1,0
BRF:32
BRH:0
end_of_record
TN:
SF:src\lib\push.ts
FN:29,sendPushNotification
FNF:1
FNH:0
FNDA:0,sendPushNotification
DA:4,0
DA:5,0
DA:6,0
DA:8,0
DA:9,0
DA:33,0
DA:34,0
DA:42,0
DA:45,0
DA:52,0
DA:55,0
DA:56,0
DA:60,0
DA:62,0
DA:63,0
LF:15
LH:0
BRDA:4,0,0,0
BRDA:4,0,1,0
BRDA:5,1,0,0
BRDA:5,1,1,0
BRDA:6,2,0,0
BRDA:6,2,1,0
BRDA:8,3,0,0
BRDA:8,3,1,0
BRDA:8,4,0,0
BRDA:8,4,1,0
BRDA:45,5,0,0
BRDA:45,5,1,0
BRDA:45,6,0,0
BRDA:45,6,1,0
BRDA:45,6,2,0
BRDA:45,6,3,0
BRDA:52,7,0,0
BRDA:52,7,1,0
BRDA:55,8,0,0
BRDA:55,8,1,0
BRDA:55,9,0,0
BRDA:55,9,1,0
BRF:22
BRH:0
end_of_record
TN:
SF:src\lib\rate-limit.ts
FN:15,(anonymous_0)
FN:23,hasUpstash
FN:27,upstashPipeline
FN:41,(anonymous_3)
FN:47,upstashCommand
FN:71,checkRateLimit
FN:106,checkInMemory
FN:132,resetRateLimit
FNF:8
FNH:0
FNDA:0,(anonymous_0)
FNDA:0,hasUpstash
FNDA:0,upstashPipeline
FNDA:0,(anonymous_3)
FNDA:0,upstashCommand
FNDA:0,checkRateLimit
FNDA:0,checkInMemory
FNDA:0,resetRateLimit
DA:12,0
DA:14,0
DA:15,0
DA:16,0
DA:17,0
DA:18,0
DA:24,0
DA:28,0
DA:29,0
DA:30,0
DA:39,0
DA:40,0
DA:41,0
DA:42,0
DA:43,0
DA:48,0
DA:49,0
DA:50,0
DA:59,0
DA:60,0
DA:61,0
DA:62,0
DA:76,0
DA:77,0
DA:78,0
DA:79,0
DA:80,0
DA:84,0
DA:85,0
DA:86,0
DA:87,0
DA:88,0
DA:94,0
DA:100,0
DA:103,0
DA:111,0
DA:112,0
DA:114,0
DA:115,0
DA:116,0
DA:119,0
DA:121,0
DA:122,0
DA:129,0
DA:133,0
DA:134,0
DA:135,0
DA:137,0
DA:140,0
LF:49
LH:0
BRDA:14,0,0,0
BRDA:14,0,1,0
BRDA:18,1,0,0
BRDA:18,1,1,0
BRDA:24,2,0,0
BRDA:24,2,1,0
BRDA:39,3,0,0
BRDA:39,3,1,0
BRDA:42,4,0,0
BRDA:42,4,1,0
BRDA:59,5,0,0
BRDA:59,5,1,0
BRDA:61,6,0,0
BRDA:61,6,1,0
BRDA:73,7,0,0
BRDA:74,8,0,0
BRDA:76,9,0,0
BRDA:76,9,1,0
BRDA:85,10,0,0
BRDA:85,10,1,0
BRDA:91,11,0,0
BRDA:91,11,1,0
BRDA:114,12,0,0
BRDA:114,12,1,0
BRDA:114,13,0,0
BRDA:114,13,1,0
BRDA:121,14,0,0
BRDA:121,14,1,0
BRDA:133,15,0,0
BRDA:133,15,1,0
BRF:30
BRH:0
end_of_record
TN:
SF:src\lib\rates.ts
FN:42,calculateCost
FN:49,(anonymous_1)
FNF:2
FNH:2
FNDA:5,calculateCost
FNDA:12,(anonymous_1)
DA:14,1
DA:22,1
DA:49,12
DA:50,5
DA:52,5
LF:5
LH:5
BRDA:46,0,0,5
BRDA:49,1,0,5
BRDA:49,1,1,1
BRF:3
BRH:3
end_of_record
TN:
SF:src\lib\supabase.ts
FN:7,getAnonClient
FN:23,(anonymous_1)
FN:36,getServiceClient
FNF:3
FNH:0
FNDA:0,getAnonClient
FNDA:0,(anonymous_1)
FNDA:0,getServiceClient
DA:3,3
DA:8,0
DA:9,0
DA:10,0
DA:11,0
DA:15,0
DA:16,0
DA:18,0
DA:22,3
DA:24,0
DA:25,0
DA:26,0
DA:27,0
DA:29,0
DA:37,0
DA:38,0
DA:40,0
DA:41,0
DA:42,0
DA:44,0
DA:45,0
DA:47,0
LF:22
LH:2
BRDA:10,0,0,0
BRDA:10,0,1,0
BRDA:10,1,0,0
BRDA:10,1,1,0
BRDA:15,2,0,0
BRDA:15,2,1,0
BRDA:26,3,0,0
BRDA:26,3,1,0
BRDA:37,4,0,0
BRDA:37,4,1,0
BRDA:41,5,0,0
BRDA:41,5,1,0
BRDA:44,6,0,0
BRDA:44,6,1,0
BRF:14
BRH:0
end_of_record
TN:
SF:src\lib\tenders-api.ts
FN:1,(anonymous_0)
FN:11,fetchTenders
FN:21,fetchStats
FNF:3
FNH:0
FNDA:0,(anonymous_0)
FNDA:0,fetchTenders
FNDA:0,fetchStats
DA:1,0
DA:2,0
DA:12,0
DA:13,0
DA:14,0
DA:17,0
DA:18,0
DA:22,0
DA:23,0
DA:24,0
DA:25,0
DA:26,0
LF:12
LH:0
BRDA:2,0,0,0
BRDA:2,0,1,0
BRDA:13,1,0,0
BRDA:13,1,1,0
BRDA:17,2,0,0
BRDA:17,2,1,0
BRDA:23,3,0,0
BRDA:23,3,1,0
BRDA:25,4,0,0
BRDA:25,4,1,0
BRF:10
BRH:0
end_of_record
TN:
SF:src\lib\types.ts
FNF:0
FNH:0
LF:0
LH:0
BRF:0
BRH:0
end_of_record
TN:
SF:src\lib\ai\config.ts
FN:15,getLLMConfig
FNF:1
FNH:1
FNDA:2,getLLMConfig
DA:16,2
DA:17,2
DA:18,0
DA:21,2
LF:4
LH:3
BRDA:16,0,0,2
BRDA:16,0,1,0
BRDA:17,1,0,0
BRDA:17,1,1,2
BRDA:23,2,0,2
BRDA:23,2,1,0
BRDA:24,3,0,2
BRDA:24,3,1,2
BRDA:25,4,0,2
BRDA:25,4,1,2
BRDA:26,5,0,2
BRDA:26,5,1,2
BRDA:27,6,0,2
BRDA:27,6,1,2
BRF:14
BRH:11
end_of_record
TN:
SF:src\lib\ai\index.ts
FNF:0
FNH:0
LF:0
LH:0
BRF:0
BRH:0
end_of_record
TN:
SF:src\lib\ai\openai-client.ts
FN:30,(anonymous_0)
FN:37,(anonymous_1)
FN:48,(anonymous_2)
FN:105,(anonymous_3)
FN:117,(anonymous_4)
FN:137,(anonymous_5)
FN:156,(anonymous_6)
FN:171,getOpenAIClient
FNF:8
FNH:5
FNDA:2,(anonymous_0)
FNDA:2,(anonymous_1)
FNDA:0,(anonymous_2)
FNDA:2,(anonymous_3)
FNDA:0,(anonymous_4)
FNDA:1,(anonymous_5)
FNDA:1,(anonymous_6)
FNDA:0,getOpenAIClient
DA:4,1
DA:31,2
DA:38,2
DA:40,2
DA:41,0
DA:44,2
DA:46,2
DA:47,2
DA:48,2
DA:50,2
DA:64,1
DA:66,1
DA:67,0
DA:68,0
DA:69,0
DA:72,1
DA:73,1
DA:74,2
DA:77,2
DA:79,2
DA:99,1
DA:100,1
DA:101,1
DA:106,2
DA:109,2
DA:110,2
DA:112,2
DA:113,0
DA:116,2
DA:117,0
DA:120,2
DA:121,0
DA:124,2
DA:127,2
DA:128,0
DA:132,2
DA:134,2
DA:142,1
DA:143,1
DA:144,1
DA:145,0
DA:153,1
DA:157,1
DA:169,1
DA:172,0
DA:173,0
DA:175,0
LF:47
LH:35
BRDA:31,0,0,2
BRDA:31,0,1,2
BRDA:40,1,0,0
BRDA:40,1,1,2
BRDA:66,2,0,0
BRDA:66,2,1,1
BRDA:74,3,0,2
BRDA:74,3,1,0
BRDA:87,4,0,0
BRDA:87,4,1,1
BRDA:89,5,0,1
BRDA:89,5,1,0
BRDA:99,6,0,1
BRDA:99,6,1,0
BRDA:112,7,0,0
BRDA:112,7,1,2
BRDA:116,8,0,0
BRDA:116,8,1,2
BRDA:120,9,0,0
BRDA:120,9,1,2
BRDA:120,10,0,2
BRDA:120,10,1,0
BRDA:144,11,0,0
BRDA:144,11,1,1
BRDA:144,12,0,1
BRDA:144,12,1,0
BRDA:147,13,0,0
BRDA:147,13,1,0
BRDA:172,14,0,0
BRDA:172,14,1,0
BRF:30
BRH:14
end_of_record
TN:
SF:src\lib\ai\types.ts
FNF:0
FNH:0
LF:0
LH:0
BRF:0
BRH:0
end_of_record
TN:
SF:src\lib\channels\avito.ts
FN:24,(anonymous_0)
FN:28,(anonymous_1)
FN:49,(anonymous_2)
FN:80,(anonymous_3)
FN:87,(anonymous_4)
FN:92,(anonymous_5)
FN:121,(anonymous_6)
FNF:7
FNH:1
FNDA:5,(anonymous_0)
FNDA:0,(anonymous_1)
FNDA:0,(anonymous_2)
FNDA:0,(anonymous_3)
FNDA:0,(anonymous_4)
FNDA:0,(anonymous_5)
FNDA:0,(anonymous_6)
DA:21,5
DA:25,5
DA:29,0
DA:31,0
DA:32,0
DA:34,0
DA:35,0
DA:38,0
DA:40,0
DA:45,0
DA:46,0
DA:47,0
DA:48,0
DA:49,0
DA:51,0
DA:60,0
DA:62,0
DA:63,0
DA:64,0
DA:72,0
DA:73,0
DA:75,0
DA:76,0
DA:79,0
DA:80,0
DA:84,0
DA:89,0
DA:90,0
DA:91,0
DA:92,0
DA:93,0
DA:97,0
DA:98,0
DA:105,0
DA:119,5
DA:122,0
DA:123,0
DA:124,0
DA:126,0
LF:39
LH:3
BRDA:25,0,0,5
BRDA:25,0,1,5
BRDA:31,1,0,0
BRDA:31,1,1,0
BRDA:34,2,0,0
BRDA:34,2,1,0
BRDA:62,3,0,0
BRDA:62,3,1,0
BRDA:67,4,0,0
BRDA:67,4,1,0
BRDA:75,5,0,0
BRDA:75,5,1,0
BRDA:79,6,0,0
BRDA:79,6,1,0
BRDA:102,7,0,0
BRDA:102,7,1,0
BRDA:109,8,0,0
BRDA:109,8,1,0
BRDA:123,9,0,0
BRDA:123,9,1,0
BRDA:124,10,0,0
BRDA:124,10,1,0
BRDA:129,11,0,0
BRDA:129,11,1,0
BRDA:129,11,2,0
BRDA:130,12,0,0
BRDA:130,12,1,0
BRDA:131,13,0,0
BRDA:131,13,1,0
BRDA:131,13,2,0
BRDA:132,14,0,0
BRDA:132,14,1,0
BRF:32
BRH:2
end_of_record
TN:
SF:src\lib\channels\config.ts
FN:16,env
FN:20,envInt
FN:25,getTelegramConfig
FN:37,getMaxConfig
FN:49,getAvitoConfig
FN:63,isValidChannel
FNF:6
FNH:6
FNDA:77,env
FNDA:57,envInt
FNDA:7,getTelegramConfig
FNDA:6,getMaxConfig
FNDA:6,getAvitoConfig
FNDA:10,isValidChannel
DA:17,77
DA:21,57
DA:22,57
DA:26,7
DA:38,6
DA:50,6
DA:61,2
DA:64,10
LF:8
LH:8
BRDA:16,0,0,77
BRDA:17,1,0,77
BRDA:17,1,1,70
BRDA:22,2,0,0
BRDA:22,2,1,57
BRDA:30,3,0,7
BRDA:30,3,1,7
BRF:7
BRH:6
end_of_record
TN:
SF:src\lib\channels\index.ts
FNF:0
FNH:0
LF:0
LH:0
BRF:0
BRH:0
end_of_record
TN:
SF:src\lib\channels\max.ts
FN:24,(anonymous_0)
FN:28,(anonymous_1)
FN:49,(anonymous_2)
FN:63,(anonymous_3)
FN:91,(anonymous_4)
FN:98,(anonymous_5)
FN:102,(anonymous_6)
FN:128,(anonymous_7)
FNF:8
FNH:1
FNDA:5,(anonymous_0)
FNDA:0,(anonymous_1)
FNDA:0,(anonymous_2)
FNDA:0,(anonymous_3)
FNDA:0,(anonymous_4)
FNDA:0,(anonymous_5)
FNDA:0,(anonymous_6)
FNDA:0,(anonymous_7)
DA:21,5
DA:25,5
DA:29,0
DA:30,0
DA:32,0
DA:33,0
DA:36,0
DA:38,0
DA:44,0
DA:45,0
DA:49,0
DA:59,0
DA:60,0
DA:61,0
DA:62,0
DA:63,0
DA:65,0
DA:71,0
DA:73,0
DA:74,0
DA:75,0
DA:83,0
DA:84,0
DA:86,0
DA:87,0
DA:90,0
DA:91,0
DA:95,0
DA:99,0
DA:100,0
DA:101,0
DA:102,0
DA:103,0
DA:104,0
DA:105,0
DA:112,0
DA:126,5
DA:129,0
DA:130,0
DA:131,0
DA:132,0
DA:133,0
DA:134,0
DA:135,0
DA:136,0
DA:138,0
DA:139,0
DA:141,0
DA:142,0
DA:143,0
DA:144,0
DA:145,0
DA:148,0
LF:53
LH:3
BRDA:25,0,0,5
BRDA:25,0,1,5
BRDA:30,1,0,0
BRDA:30,1,1,0
BRDA:32,2,0,0
BRDA:32,2,1,0
BRDA:44,3,0,0
BRDA:44,3,1,0
BRDA:50,4,0,0
BRDA:50,4,1,0
BRDA:73,5,0,0
BRDA:73,5,1,0
BRDA:78,6,0,0
BRDA:78,6,1,0
BRDA:78,7,0,0
BRDA:78,7,1,0
BRDA:86,8,0,0
BRDA:86,8,1,0
BRDA:90,9,0,0
BRDA:90,9,1,0
BRDA:109,10,0,0
BRDA:109,10,1,0
BRDA:116,11,0,0
BRDA:116,11,1,0
BRDA:130,12,0,0
BRDA:130,12,1,0
BRDA:132,13,0,0
BRDA:132,13,1,0
BRDA:133,14,0,0
BRDA:133,14,1,0
BRDA:134,15,0,0
BRDA:134,15,1,0
BRDA:135,16,0,0
BRDA:135,16,1,0
BRDA:139,17,0,0
BRDA:139,17,1,0
BRDA:141,18,0,0
BRDA:141,18,1,0
BRDA:143,19,0,0
BRDA:143,19,1,0
BRDA:144,20,0,0
BRDA:144,20,1,0
BRDA:151,21,0,0
BRDA:151,21,1,0
BRDA:152,22,0,0
BRDA:152,22,1,0
BRDA:152,22,2,0
BRDA:154,23,0,0
BRDA:154,23,1,0
BRDA:155,24,0,0
BRDA:155,24,1,0
BRF:51
BRH:2
end_of_record
TN:
SF:src\lib\channels\router.ts
FN:24,(anonymous_0)
FN:41,(anonymous_1)
FN:86,(anonymous_2)
FN:91,(anonymous_3)
FN:103,(anonymous_4)
FN:114,(anonymous_5)
FN:115,(anonymous_6)
FN:122,(anonymous_7)
FN:130,getChannelRouter
FNF:9
FNH:4
FNDA:5,(anonymous_0)
FNDA:2,(anonymous_1)
FNDA:0,(anonymous_2)
FNDA:0,(anonymous_3)
FNDA:1,(anonymous_4)
FNDA:0,(anonymous_5)
FNDA:0,(anonymous_6)
FNDA:2,(anonymous_7)
FNDA:0,getChannelRouter
DA:25,5
DA:31,5
DA:42,2
DA:43,2
DA:51,0
DA:52,0
DA:53,0
DA:61,0
DA:62,0
DA:69,0
DA:71,0
DA:80,0
DA:90,0
DA:91,0
DA:92,0
DA:93,0
DA:94,0
DA:96,0
DA:97,0
DA:104,1
DA:105,1
DA:106,1
DA:108,0
DA:115,0
DA:116,0
DA:123,2
DA:128,1
DA:131,0
DA:132,0
DA:134,0
LF:30
LH:9
BRDA:42,0,0,2
BRDA:42,0,1,0
BRDA:52,1,0,0
BRDA:52,1,1,0
BRDA:105,2,0,1
BRDA:105,2,1,0
BRDA:131,3,0,0
BRDA:131,3,1,0
BRF:8
BRH:2
end_of_record
TN:
SF:src\lib\channels\telegram.ts
FN:18,(anonymous_0)
FN:22,(anonymous_1)
FN:40,(anonymous_2)
FN:53,(anonymous_3)
FN:82,(anonymous_4)
FN:89,(anonymous_5)
FN:92,(anonymous_6)
FN:119,(anonymous_7)
FNF:8
FNH:1
FNDA:5,(anonymous_0)
FNDA:0,(anonymous_1)
FNDA:0,(anonymous_2)
FNDA:0,(anonymous_3)
FNDA:0,(anonymous_4)
FNDA:0,(anonymous_5)
FNDA:0,(anonymous_6)
FNDA:0,(anonymous_7)
DA:15,5
DA:19,5
DA:23,0
DA:24,0
DA:26,0
DA:27,0
DA:30,0
DA:37,0
DA:38,0
DA:41,0
DA:49,0
DA:50,0
DA:51,0
DA:52,0
DA:53,0
DA:55,0
DA:61,0
DA:63,0
DA:64,0
DA:65,0
DA:73,0
DA:74,0
DA:76,0
DA:77,0
DA:81,0
DA:82,0
DA:86,0
DA:90,0
DA:91,0
DA:92,0
DA:93,0
DA:94,0
DA:95,0
DA:96,0
DA:103,0
DA:117,5
DA:120,0
DA:121,0
DA:122,0
DA:123,0
DA:124,0
DA:126,0
DA:127,0
DA:129,0
DA:130,0
DA:131,0
DA:132,0
DA:133,0
DA:136,0
LF:49
LH:3
BRDA:19,0,0,5
BRDA:19,0,1,5
BRDA:24,1,0,0
BRDA:24,1,1,0
BRDA:26,2,0,0
BRDA:26,2,1,0
BRDA:37,3,0,0
BRDA:37,3,1,0
BRDA:41,4,0,0
BRDA:41,4,1,0
BRDA:64,5,0,0
BRDA:64,5,1,0
BRDA:68,6,0,0
BRDA:68,6,1,0
BRDA:73,7,0,0
BRDA:73,7,1,0
BRDA:76,8,0,0
BRDA:76,8,1,0
BRDA:81,9,0,0
BRDA:81,9,1,0
BRDA:100,10,0,0
BRDA:100,10,1,0
BRDA:107,11,0,0
BRDA:107,11,1,0
BRDA:122,12,0,0
BRDA:122,12,1,0
BRDA:122,12,2,0
BRDA:123,13,0,0
BRDA:123,13,1,0
BRDA:123,13,2,0
BRDA:127,14,0,0
BRDA:127,14,1,0
BRDA:129,15,0,0
BRDA:129,15,1,0
BRDA:131,16,0,0
BRDA:131,16,1,0
BRDA:132,17,0,0
BRDA:132,17,1,0
BRDA:139,18,0,0
BRDA:139,18,1,0
BRDA:140,19,0,0
BRDA:140,19,1,0
BRDA:142,20,0,0
BRDA:142,20,1,0
BRDA:143,21,0,0
BRDA:143,21,1,0
BRF:46
BRH:2
end_of_record
TN:
SF:src\lib\channels\types.ts
FNF:0
FNH:0
LF:0
LH:0
BRF:0
BRH:0
end_of_record
